1598372805103	geckodriver	INFO	Listening on 127.0.0.1:61559
1598372808149	mozrunner::runner	INFO	Running command: "C:\\Program Files\\Mozilla Firefox\\firefox.exe" "--marionette" "-foreground" "-no-remote" "-profile" "C:\\Users\\bero8\\AppData\\Local\\Temp\\rust_mozprofile0QP6sE"
JavaScript error: resource://gre/modules/XULStore.jsm, line 66: Error: Can't find profile directory.
console.error: SearchCache: "_readCacheFile: Error reading cache file:" (new Error("", "(unknown module)"))
1598372809777	Marionette	INFO	Listening on port 61568
1598372810153	Marionette	WARN	TLS certificate errors will be ignored for this session
JavaScript error: https://inventwithpython.com/js/bootstrap.min.js, line 7: Error: Bootstrap tooltips require Tether (http://tether.io/)
1598372930744	Marionette	INFO	Stopped listening on port 61568

###!!! [Child][RunMessage] Error: Channel closing: too late to send/recv, messages will be lost


###!!! [Child][MessageChannel::SendAndWait] Error: Channel error: cannot send/recv

Temp\\rust_mozprofile5raAY8"
JavaScript error: resource://gre/modules/XULStore.jsm, line 66: Error: Can't find profile directory.
console.error: SearchCache: "_readCacheFile: Error reading cache file:" (new Error("", "(unknown module)"))
1598372870961	Marionette	INFO	Listening on port 61658
1598372871258	Marionette	WARN	TLS certificate errors will be ignored for this session
JavaScript error: https://inventwithpython.com/js/bootstrap.min.js, line 7: Error: Bootstrap tooltips require Tether (http://tether.io/)
1598372933619	Marionette	INFO	Stopped listening on port 61658

###!!! [Child][RunMessage] Error: Channel closing: too late to send/recv, messages will be lost


###!!! [Child][MessageChannel::SendAndWait] Error: Channel error: cannot send/recv

Temp\\rust_mozprofilee1JSJp"
JavaScript error: resource://gre/modules/XULStore.jsm, line 66: Error: Can't find profile directory.
console.error: SearchCache: "_readCacheFile: Error reading cache file:" (new Error("", "(unknown module)"))
1598372917044	Marionette	INFO	Listening on port 61735
1598372917352	Marionette	WARN	TLS certificate errors will be ignored for this session
JavaScript error: https://inventwithpython.com/js/bootstrap.min.js, line 7: Error: Bootstrap tooltips require Tether (http://tether.io/)
1598372934650	Marionette	INFO	Stopped listening on port 61735

###!!! [Child][RunMessage] Error: Channel closing: too late to send/recv, messages will be lost


###!!! [Child][MessageChannel::SendAndWait] Error: Channel error: cannot send/recv

1598372952892	geckodriver	INFO	Listening on 127.0.0.1:61804
1598372956398	mozrunner::runner	INFO	Running command: "C:\\Program Files\\Mozilla Firefox\\firefox.exe" "--marionette" "-foreground" "-no-remote" "-profile" "C:\\Users\\bero8\\AppData\\Local\\Temp\\rust_mozprofile5zLWZw"
JavaScript error: resource://gre/modules/XULStore.jsm, line 66: Error: Can't find profile directory.
console.error: SearchCache: "_readCacheFile: Error reading cache file:" (new Error("", "(unknown module)"))
1598372958061	Marionette	INFO	Listening on port 61814
1598372958402	Marionette	WARN	TLS certificate errors will be ignored for this session
JavaScript error: https://inventwithpython.com/js/bootstrap.min.js, line 7: Error: Bootstrap tooltips require Tether (http://tether.io/)
1598373078288	Marionette	INFO	Stopped listening on port 61814

###!!! [Child][RunMessage] Error: Channel closing: too late to send/recv, messages will be lost


###!!! [Child][MessageChannel::SendAndWait] Error: Channel error: cannot send/recv

Temp\\rust_mozprofilebUy03m"
JavaScript error: resource://gre/modules/XULStore.jsm, line 66: Error: Can't find profile directory.
console.error: SearchCache: "_readCacheFile: Error reading cache file:" (new Error("", "(unknown module)"))
1598372980644	Marionette	INFO	Listening on port 61879
1598372981015	Marionette	WARN	TLS certificate errors will be ignored for this session
JavaScript error: https://inventwithpython.com/js/bootstrap.min.js, line 7: Error: Bootstrap tooltips require Tether (http://tether.io/)
1598373076484	Marionette	INFO	Stopped listening on port 61879

###!!! [Child][RunMessage] Error: Channel closing: too late to send/recv, messages will be lost


###!!! [Child][MessageChannel::SendAndWait] Error: Channel error: cannot send/recv

Temp\\rust_mozprofile56wVkp"
JavaScript error: resource://gre/modules/XULStore.jsm, line 66: Error: Can't find profile directory.
console.error: SearchCache: "_readCacheFile: Error reading cache file:" (new Error("", "(unknown module)"))
1598373056869	Marionette	INFO	Listening on port 61976
1598373057312	Marionette	WARN	TLS certificate errors will be ignored for this session
JavaScript error: https://inventwithpython.com/js/bootstrap.min.js, line 7: Error: Bootstrap tooltips require Tether (http://tether.io/)
1598373077525	Marionette	INFO	Stopped listening on port 61976

###!!! [Child][RunMessage] Error: Channel closing: too late to send/recv, messages will be lost


###!!! [Child][MessageChannel::SendAndWait] Error: Channel error: cannot send/recv

1598373141386	geckodriver	INFO	Listening on 127.0.0.1:62065
1598373144439	mozrunner::runner	INFO	Running command: "C:\\Program Files\\Mozilla Firefox\\firefox.exe" "--marionette" "-foreground" "-no-remote" "-profile" "C:\\Users\\bero8\\AppData\\Local\\Temp\\rust_mozprofilelQ7l2i"
JavaScript error: resource://gre/modules/XULStore.jsm, line 66: Error: Can't find profile directory.
console.error: SearchCache: "_readCacheFile: Error reading cache file:" (new Error("", "(unknown module)"))
1598373146092	Marionette	INFO	Listening on port 62074
1598373146445	Marionette	WARN	TLS certificate errors will be ignored for this session
JavaScript error: https://inventwithpython.com/js/bootstrap.min.js, line 7: Error: Bootstrap tooltips require Tether (http://tether.io/)
JavaScript error: https://inventwithpython.com/js/bootstrap.min.js, line 7: Error: Bootstrap tooltips require Tether (http://tether.io/)
JavaScript warning: https://inventwithpython.com/js/jquery-3.2.1.min.js, line 3: Script terminated by timeout at:
which@https://inventwithpython.com/js/jquery-3.2.1.min.js:3:13442
addProp/<.get<@https://inventwithpython.com/js/jquery-3.2.1.min.js:3:11095
r.fn.extend@https://inventwithpython.com/js/jquery-3.2.1.min.js:2:1690
simulate@https://inventwithpython.com/js/jquery-3.2.1.min.js:4:5992
c@https://inventwithpython.com/js/jquery-3.2.1.min.js:4:6743

1598373340375	Marionette	INFO	Stopped listening on port 62074

###!!! [Child][RunMessage] Error: Channel closing: too late to send/recv, messages will be lost


###!!! [Child][MessageChannel::SendAndWait] Error: Channel error: cannot send/recv

1598373525073	geckodriver	INFO	Listening on 127.0.0.1:62370
1598373528115	mozrunner::runner	INFO	Running command: "C:\\Program Files\\Mozilla Firefox\\firefox.exe" "--marionette" "-foreground" "-no-remote" "-profile" "C:\\Users\\bero8\\AppData\\Local\\Temp\\rust_mozprofileQPVhE4"
JavaScript error: resource://gre/modules/XULStore.jsm, line 66: Error: Can't find profile directory.
console.error: SearchCache: "_readCacheFile: Error reading cache file:" (new Error("", "(unknown module)"))
1598373529775	Marionette	INFO	Listening on port 62379
1598373530120	Marionette	WARN	TLS certificate errors will be ignored for this session
console.warn: LoginRecipes: "getRecipes: falling back to a synchronous message for:" "https://login.metafilter.com"
JavaScript error: , line 0: uncaught exception: Object
console.warn: LoginRecipes: "getRecipes: falling back to a synchronous message for:" "https://www.gmx.net"
JavaScript error: https://securepubads.g.doubleclick.net/gpt/pubads_impl_2020082401.js?21067246, line 6: uncaught exception: undefined
console.warn: LoginRecipes: "getRecipes: falling back to a synchronous message for:" "https://www.gmx.net"
1598373672859	Marionette	INFO	Stopped listening on port 62379

###!!! [Child][RunMessage] Error: Channel closing: too late to send/recv, messages will be lost


###!!! [Child][MessageChannel::SendAndWait] Error: Channel error: cannot send/recv

Temp\\rust_mozprofileOLF2iy"
JavaScript error: resource://gre/modules/XULStore.jsm, line 66: Error: Can't find profile directory.
console.error: SearchCache: "_readCacheFile: Error reading cache file:" (new Error("", "(unknown module)"))
1598373662818	Marionette	INFO	Listening on port 62580
1598373663141	Marionette	WARN	TLS certificate errors will be ignored for this session
1598373669292	Marionette	INFO	Stopped listening on port 62580

###!!! [Child][RunMessage] Error: Channel closing: too late to send/recv, messages will be lost


###!!! [Child][MessageChannel::SendAndWait] Error: Channel error: cannot send/recv

1598373680954	geckodriver	INFO	Listening on 127.0.0.1:62649
1598373683968	mozrunner::runner	INFO	Running command: "C:\\Program Files\\Mozilla Firefox\\firefox.exe" "--marionette" "-foreground" "-no-remote" "-profile" "C:\\Users\\bero8\\AppData\\Local\\Temp\\rust_mozprofilekpKVqL"
JavaScript error: resource://gre/modules/XULStore.jsm, line 66: Error: Can't find profile directory.
console.error: SearchCache: "_readCacheFile: Error reading cache file:" (new Error("", "(unknown module)"))
1598373685637	Marionette	INFO	Listening on port 62659
1598373685976	Marionette	WARN	TLS certificate errors will be ignored for this session
JavaScript error: , line 0: uncaught exception: Object
JavaScript error: , line 0: uncaught exception: undefined
console.warn: LoginRecipes: "getRecipes: falling back to a synchronous message for:" "https://www.gmx.net"
1598373806091	Marionette	INFO	Stopped listening on port 62659

###!!! [Child][RunMessage] Error: Channel closing: too late to send/recv, messages will be lost


###!!! [Child][MessageChannel::SendAndWait] Error: Channel error: cannot send/recv

Temp\\rust_mozprofilejIMuul"
JavaScript error: resource://gre/modules/XULStore.jsm, line 66: Error: Can't find profile directory.
console.error: SearchCache: "_readCacheFile: Error reading cache file:" (new Error("", "(unknown module)"))
1598373731531	Marionette	INFO	Listening on port 62812
1598373731855	Marionette	WARN	TLS certificate errors will be ignored for this session
JavaScript error: , line 0: uncaught exception: Object
1598373808088	Marionette	INFO	Stopped listening on port 62812

###!!! [Child][RunMessage] Error: Channel closing: too late to send/recv, messages will be lost


###!!! [Child][MessageChannel::SendAndWait] Error: Channel error: cannot send/recv

Temp\\rust_mozprofilejEpYG3"
JavaScript error: resource://gre/modules/XULStore.jsm, line 66: Error: Can't find profile directory.
console.error: SearchCache: "_readCacheFile: Error reading cache file:" (new Error("", "(unknown module)"))
1598373782800	Marionette	INFO	Listening on port 62963
1598373783170	Marionette	WARN	TLS certificate errors will be ignored for this session
JavaScript error: , line 0: uncaught exception: Object
1598373788594	Marionette	INFO	Stopped listening on port 62963

###!!! [Child][RunMessage] Error: Channel closing: too late to send/recv, messages will be lost


###!!! [Child][MessageChannel::SendAndWait] Error: Channel error: cannot send/recv

1598373796563	geckodriver	INFO	Listening on 127.0.0.1:63066
1598373799579	mozrunner::runner	INFO	Running command: "C:\\Program Files\\Mozilla Firefox\\firefox.exe" "--marionette" "-foreground" "-no-remote" "-profile" "C:\\Users\\bero8\\AppData\\Local\\Temp\\rust_mozprofileY6mzqR"
JavaScript error: resource://gre/modules/XULStore.jsm, line 66: Error: Can't find profile directory.
console.error: SearchCache: "_readCacheFile: Error reading cache file:" (new Error("", "(unknown module)"))
1598373801215	Marionette	INFO	Listening on port 63076
1598373801583	Marionette	WARN	TLS certificate errors will be ignored for this session
JavaScript error: , line 0: uncaught exception: Object
1598373825262	Marionette	INFO	Stopped listening on port 63071598373825909	mozrunner::runner	INFO	Running command: "C:\\Program Files\\Mozilla Firefox\\firefox.exe" "--marionette" "-foreground" "-no-remote" "-profile" "C:\\Users\\bero8\\AppData\\Local\\Temp\\rust_mozprofileRYboLq"
JavaScript error: resource://gre/modules/XULStore.jsm, line 66: Error: Can't find profile directory.
console.error: SearchCache: "_readCacheFile: Error reading cache file:" (new Error("", "(unknown module)"))
1598373827543	Marionette	INFO	Listening on port 63216
1598373827913	Marionette	WARN	TLS certificate errors will be ignored for this session
JavaScript error: , line 0: uncaught exception: Object
JavaScript error: , line 0: uncaught exception: Object
1598373846799	Marionette	INFO	Stopped listening on port 63216

###!!! [Child][RunMessage] Error: Channel closing: too late to send/recv, messages will be lost


###!!! [Child][MessageChannel::SendAndWait] Error: Channel error: cannot send/recv

1598373854529	geckodriver	INFO	Listening on 127.0.0.1:63379
1598373857544	mozrunner::runner	INFO	Running command: "C:\\Program Files\\Mozilla Firefox\\firefox.exe" "--marionette" "-foreground" "-no-remote" "-profile" "C:\\Users\\bero8\\AppData\\Local\\Temp\\rust_mozprofile4xC11O"
JavaScript error: resource://gre/modules/XULStore.jsm, line 66: Error: Can't find profile directory.
console.error: SearchCache: "_readCacheFile: Error reading cache file:" (new Error("", "(unknown module)"))
1598373859164	Marionette	INFO	Listening on port 63389
1598373859550	Marionette	WARN	TLS certificate errors will be ignored for this session
JavaScript error: , line 0: uncaught exception: Object
JavaScript warning: https://s.uicdn.com/nav-cdn/shared/jquery/2.2.4/jquery-2.2.4.min.js, line 41: unreachable code after return statement
JavaScript warning: https://s.uicdn.com/nav-cdn/shared/jquery/2.2.4/jquery-2.2.4.min.js, line 41: unreachable code after return statement
JavaScript warning: https://s.uicdn.com/nav-cdn/shared/jquery/2.2.4/jquery-2.2.4.min.js, line 41: unreachable code after return statement
JavaScript warning: https://s.uicdn.com/nav-cdn/shared/jquery/2.2.4/jquery-2.2.4.min.js, line 41: unreachable code after return statement
1598373899572	Marionette	INFO	Stopped listening on port 63389

###!!! [Child][RunMessage] Error: Channel closing: too late to send/recv, messages will be lost


###!!! [Child][MessageChannel::SendAndWait] Error: Channel error: cannot send/recv

1598373962004	geckodriver	INFO	Listening on 127.0.0.1:63699
1598373965024	mozrunner::runner	INFO	Running command: "C:\\Program Files\\Mozilla Firefox\\firefox.exe" "--marionette" "-foreground" "-no-remote" "-profile" "C:\\Users\\bero8\\AppData\\Local\\Temp\\rust_mozprofileUDaoBj"
JavaScript error: resource://gre/modules/XULStore.jsm, line 66: Error: Can't find profile directory.
console.error: SearchCache: "_readCacheFile: Error reading cache file:" (new Error("", "(unknown module)"))
1598373966657	Marionette	INFO	Listening on port 63710
1598373967030	Marionette	WARN	TLS certificate errors will be ignored for this session
JavaScript error: , line 0: uncaught exception: Object
JavaScript error: , line 0: uncaught exception: undefined
JavaScript warning: https://s.uicdn.com/nav-cdn/shared/jquery/2.2.4/jquery-2.2.4.min.js, line 41: unreachable code after return statement
JavaScript warning: https://s.uicdn.com/nav-cdn/shared/jquery/2.2.4/jquery-2.2.4.min.js, line 41: unreachable code after return statement
JavaScript warning: https://s.uicdn.com/nav-cdn/shared/jquery/2.2.4/jquery-2.2.4.min.js, line 41: unreachable code after return statement
JavaScript warning: https://s.uicdn.com/nav-cdn/shared/jquery/2.2.4/jquery-2.2.4.min.js, line 41: unreachable code after return statement
JavaScript error: https://js.ui-portal.de/homepage/cs/124/1.1/gmx/logout/homepage.min.js, line 2: NS_ERROR_NOT_INITIALIZED: 
1598373977238	Marionette	INFO	Stopped listening on port 63710

###!!! [Child][RunMessage] Error: Channel closing: too late to send/recv, messages will be lost


###!!! [Child][MessageChannel::SendAndWait] Error: Channel error: cannot send/recv

1598373988523	geckodriver	INFO	Listening on 127.0.0.1:63917
1598373991555	mozrunner::runner	INFO	Running command: "C:\\Program Files\\Mozilla Firefox\\firefox.exe" "--marionette" "-foreground" "-no-remote" "-profile" "C:\\Users\\bero8\\AppData\\Local\\Temp\\rust_mozprofileAT1A4z"
JavaScript error: resource://gre/modules/XULStore.jsm, line 66: Error: Can't find profile directory.
console.error: SearchCache: "_readCacheFile: Error reading cache file:" (new Error("", "(unknown module)"))
1598373993081	Marionette	INFO	Listening on port 63926
1598373993560	Marionette	WARN	TLS certificate errors will be ignored for this session
JavaScript error: , line 0: uncaught exception: Object
JavaScript warning: https://s.uicdn.com/nav-cdn/shared/jquery/2.2.4/jquery-2.2.4.min.js, line 41: unreachable code after return statement
JavaScript warning: https://s.uicdn.com/nav-cdn/shared/jquery/2.2.4/jquery-2.2.4.min.js, line 41: unreachable code after return statement
JavaScript warning: https://s.uicdn.com/nav-cdn/shared/jquery/2.2.4/jquery-2.2.4.min.js, line 41: unreachable code after return statement
JavaScript warning: https://s.uicdn.com/nav-cdn/shared/jquery/2.2.4/jquery-2.2.4.min.js, line 41: unreachable code after return statement
1598374009336	Marionette	INFO	Stopped listening on port 63926

###!!! [Child][RunMessage] Error: Channel closing: too late to send/recv, messages will be lost


###!!! [Child][MessageChannel::SendAndWait] Error: Channel error: cannot send/recv

1598464315909	geckodriver	INFO	Listening on 127.0.0.1:52272
1598464318940	mozrunner::runner	INFO	Running command: "C:\\Program Files\\Mozilla Firefox\\firefox.exe" "--marionette" "-foreground" "-no-remote" "-profile" "C:\\Users\\bero8\\AppData\\Local\\Temp\\rust_mozprofile6IBWOD"
JavaScript error: resource://gre/modules/XULStore.jsm, line 66: Error: Can't find profile directory.
console.error: SearchCache: "_readCacheFile: Error reading cache file:" (new Error("", "(unknown module)"))
1598464320930	Marionette	INFO	Listening on port 52280
1598464320947	Marionette	WARN	TLS certificate errors will be ignored for this session
JavaScript error: resource://gre/modules/URIFixup.jsm, line 271: NS_ERROR_FAILURE: Should pass a non-null uri
1598464341847	Marionette	INFO	Stopped listening on port 52280

###!!! [Child][RunMessage] Error: Channel closing: too late to send/recv, messages will be lost


###!!! [Child][MessageChannel::SendAndWait] Error: Channel error: cannot send/recv

Temp\\rust_mozprofileX7SUSH"
JavaScript error: resource://gre/modules/XULStore.jsm, line 66: Error: Can't find profile directory.
console.error: SearchCache: "_readCacheFile: Error reading cache file:" (new Error("", "(unknown module)"))
1598464339066	Marionette	INFO	Listening on port 52324
1598464339403	Marionette	WARN	TLS certificate errors will be ignored for this session
JavaScript error: , line 0: uncaught exception: Object
console.warn: LoginRecipes: "getRecipes: falling back to a synchronous message for:" "https://www.gmx.net"
SourceActor threw an exception: [Exception... "Component returned failure code: 0x80470002 (NS_BASE_STREAM_CLOSED) [nsIInputStream.available]"  nsresult: "0x80470002 (NS_BASE_STREAM_CLOSED)"  location: "JS frame :: resource://devtools/shared/DevToolsUtils.js :: onResponse :: line 560"  data: no]
Stack: onResponse@resource://devtools/shared/DevToolsUtils.js:560:34
onStopRequest@resource://gre/modules/NetUtil.jsm:128:18
Line: 560, column: 0
console.error: ({})
JavaScript error: resource://devtools/shared/DevToolsUtils.js, line 560: NS_BASE_STREAM_CLOSED: Component returned failure code: 0x80470002 (NS_BASE_STREAM_CLOSED) [nsIInputStream.available]
console.warn: LoginRecipes: "getRecipes: falling back to a synchronous message for:" "https://www.gmx.net"
1598464619862	Marionette	INFO	Stopped listening on port 52324

###!!! [Child][RunMessage] Error: Channel closing: too late to send/recv, messages will be lost


###!!! [Child][MessageChannel::SendAndWait] Error: Channel error: cannot send/recv

Temp\\rust_mozprofileaq6LcO"
JavaScript error: resource://gre/modules/XULStore.jsm, line 66: Error: Can't find profile directory.
console.error: SearchCache: "_readCacheFile: Error reading cache file:" (new Error("", "(unknown module)"))
1598464566565	Marionette	INFO	Listening on port 52517
1598464566976	Marionette	WARN	TLS certificate errors will be ignored for this session
JavaScript error: , line 0: uncaught exception: Object
1598464596238	Marionette	INFO	Stopped listening on port 52517

###!!! [Child][RunMessage] Error: Channel closing: too late to send/recv, messages will be lost


###!!! [Child][MessageChannel::SendAndWait] Error: Channel error: cannot send/recv

1598464620931	geckodriver	INFO	Listening on 127.0.0.1:52658
1598464623952	mozrunner::runner	INFO	Running command: "C:\\Program Files\\Mozilla Firefox\\firefox.exe" "--marionette" "-foreground" "-no-remote" "-profile" "C:\\Users\\bero8\\AppData\\Local\\Temp\\rust_mozprofileJcXnWb"
JavaScript error: resource://gre/modules/XULStore.jsm, line 66: Error: Can't find profile directory.
console.error: SearchCache: "_readCacheFile: Error reading cache file:" (new Error("", "(unknown module)"))
1598464625592	Marionette	INFO	Listening on port 52666
1598464625959	Marionette	WARN	TLS certificate errors will be ignored for this session
JavaScript error: , line 0: uncaught exception: Object
JavaScript error: , line 0: uncaught exception: undefined
1598464941320	Marionette	INFO	Stopped listening on port 52666

###!!! [Child][RunMessage] Error: Channel closing: too late to send/recv, messages will be lost


###!!! [Child][MessageChannel::SendAndWait] Error: Channel error: cannot send/recv

Temp\\rust_mozprofileSvAtKA"
JavaScript error: resource://gre/modules/XULStore.jsm, line 66: Error: Can't find profile directory.
console.error: SearchCache: "_readCacheFile: Error reading cache file:" (new Error("", "(unknown module)"))
1598464747348	Marionette	INFO	Listening on port 52792
1598464747716	Marionette	WARN	TLS certificate errors will be ignored for this session
JavaScript error: , line 0: uncaught exception: Object
console.warn: LoginRecipes: "getRecipes: falling back to a synchronous message for:" "https://www.gmx.net"
1598464942388	Marionette	INFO	Stopped listening on port 52792

###!!! [Child][RunMessage] Error: Channel closing: too late to send/recv, messages will be lost


###!!! [Child][MessageChannel::SendAndWait] Error: Channel error: cannot send/recv

Temp\\rust_mozprofile6VeC27"
JavaScript error: resource://gre/modules/XULStore.jsm, line 66: Error: Can't find profile directory.
console.error: SearchCache: "_readCacheFile: Error reading cache file:" (new Error("", "(unknown module)"))
1598464783168	Marionette	INFO	Listening on port 52916
1598464783486	Marionette	WARN	TLS certificate errors will be ignored for this session
JavaScript error: , line 0: uncaught exception: Object
JavaScript error: , line 0: uncaught exception: Object
1598464943343	Marionette	INFO	Stopped listening on port 52916

###!!! [Child][RunMessage] Error: Channel closing: too late to send/recv, messages will be lost


###!!! [Child][MessageChannel::SendAndWait] Error: Channel error: cannot send/recv

1598464949030	geckodriver	INFO	Listening on 127.0.0.1:53350
1598464952064	mozrunner::runner	INFO	Running command: "C:\\Program Files\\Mozilla Firefox\\firefox.exe" "--marionette" "-foreground" "-no-remote" "-profile" "C:\\Users\\bero8\\AppData\\Local\\Temp\\rust_mozprofileaviKC5"
JavaScript error: resource://gre/modules/XULStore.jsm, line 66: Error: Can't find profile directory.
console.error: SearchCache: "_readCacheFile: Error reading cache file:" (new Error("", "(unknown module)"))
1598464953662	Marionette	INFO	Listening on port 53358
1598464954070	Marionette	WARN	TLS certificate errors will be ignored for this session
JavaScript error: , line 0: uncaught exception: Object
JavaScript error: , line 0: uncaught exception: undefined
JavaScript warning: https://s.uicdn.com/nav-cdn/shared/jquery/2.2.4/jquery-2.2.4.min.js, line 41: unreachable code after return statement
JavaScript warning: https://s.uicdn.com/nav-cdn/shared/jquery/2.2.4/jquery-2.2.4.min.js, line 41: unreachable code after return statement
JavaScript warning: https://s.uicdn.com/nav-cdn/shared/jquery/2.2.4/jquery-2.2.4.min.js, line 41: unreachable code after return statement
JavaScript warning: https://s.uicdn.com/nav-cdn/shared/jquery/2.2.4/jquery-2.2.4.min.js, line 41: unreachable code after return statement
1598464966583	Marionette	INFO	Stopped listening on port 53358

###!!! [Child][RunMessage] Error: Channel closing: too late to send/recv, messages will be lost


###!!! [Child][MessageChannel::SendAndWait] Error: Channel error: cannot send/recv

1598464976019	geckodriver	INFO	Listening on 127.0.0.1:53547
1598464979034	mozrunner::runner	INFO	Running command: "C:\\Program Files\\Mozilla Firefox\\firefox.exe" "--marionette" "-foreground" "-no-remote" "-profile" "C:\\Users\\bero8\\AppData\\Local\\Temp\\rust_mozprofilehLdZiJ"
JavaScript error: resource://gre/modules/XULStore.jsm, line 66: Error: Can't find profile directory.
console.error: SearchCache: "_readCacheFile: Error reading cache file:" (new Error("", "(unknown module)"))
1598464980564	Marionette	INFO	Listening on port 53555
1598464981041	Marionette	WARN	TLS certificate errors will be ignored for this session
JavaScript error: , line 0: uncaught exception: Object
JavaScript warning: https://s.uicdn.com/nav-cdn/shared/jquery/2.2.4/jquery-2.2.4.min.js, line 41: unreachable code after return statement
JavaScript warning: https://s.uicdn.com/nav-cdn/shared/jquery/2.2.4/jquery-2.2.4.min.js, line 41: unreachable code after return statement
JavaScript warning: https://s.uicdn.com/nav-cdn/shared/jquery/2.2.4/jquery-2.2.4.min.js, line 41: unreachable code after return statement
JavaScript warning: https://s.uicdn.com/nav-cdn/shared/jquery/2.2.4/jquery-2.2.4.min.js, line 41: unreachable code after return statement
console.warn: "Inspector destroyed while executing onReflow callback"
console.error: "Tried to send a 'newSource' event on an already destroyed actor 'thread'"
1598465099159	Marionette	INFO	Stopped listening on port 53555

###!!! [Child][RunMessage] Error: Channel closing: too late to send/recv, messages will be lost


###!!! [Child][MessageChannel::SendAndWait] Error: Channel error: cannot send/recv

eadCacheFile: Error reading cache file:" (new Error("", "(unknown module)"))
1598465080221	Marionette	INFO	Listening on port 53696
1598465080570	Marionette	WARN	TLS certificate errors will be ignored for this session
JavaScript error: , line 0: uncaught exception: Object
JavaScript warning: https://s.uicdn.com/nav-cdn/shared/jquery/2.2.4/jquery-2.2.4.min.js, line 41: unreachable code after return statement
JavaScript warning: https://s.uicdn.com/nav-cdn/shared/jquery/2.2.4/jquery-2.2.4.min.js, line 41: unreachable code after return statement
JavaScript warning: https://s.uicdn.com/nav-cdn/shared/jquery/2.2.4/jquery-2.2.4.min.js, line 41: unreachable code after return statement
JavaScript warning: https://s.uicdn.com/nav-cdn/shared/jquery/2.2.4/jquery-2.2.4.min.js, line 41: unreachable code after return statement
1598465095036	Marionette	INFO	Stopped listening on port 53696

###!!! [Child][RunMessage] Error: Channel closing: too late to send/recv, messages will be lost


###!!! [Child][MessageChannel::SendAndWait] Error: Channel error: cannot send/recv

1598465162250	geckodriver	INFO	Listening on 127.0.0.1:53848
1598465165271	mozrunner::runner	INFO	Running command: "C:\\Program Files\\Mozilla Firefox\\firefox.exe" "--marionette" "-foreground" "-no-remote" "-profile" "C:\\Users\\bero8\\AppData\\Local\\Temp\\rust_mozprofileIma9zy"
JavaScript error: resource://gre/modules/XULStore.jsm, line 66: Error: Can't find profile directory.
console.error: SearchCache: "_readCacheFile: Error reading cache file:" (new Error("", "(unknown module)"))
1598465166939	Marionette	INFO	Listening on port 53856
1598465167279	Marionette	WARN	TLS certificate errors will be ignored for this session
JavaScript error: , line 0: uncaught exception: Object
JavaScript warning: https://s.uicdn.com/nav-cdn/shared/jquery/2.2.4/jquery-2.2.4.min.js, line 41: unreachable code after return statement
JavaScript warning: https://s.uicdn.com/nav-cdn/shared/jquery/2.2.4/jquery-2.2.4.min.js, line 41: unreachable code after return statement
JavaScript warning: https://s.uicdn.com/nav-cdn/shared/jquery/2.2.4/jquery-2.2.4.min.js, line 41: unreachable code after return statement
JavaScript warning: https://s.uicdn.com/nav-cdn/shared/jquery/2.2.4/jquery-2.2.4.min.js, line 41: unreachable code after return statement
1598465352440	Marionette	INFO	Stopped listening on port 53856

###!!! [Child][RunMessage] Error: Channel closing: too late to send/recv, messages will be lost


###!!! [Child][MessageChannel::SendAndWait] Error: Channel error: cannot send/recv

Temp\\rust_mozprofileH7nmH6"
JavaScript error: resource://gre/modules/XULStore.jsm, line 66: Error: Can't find profile directory.
console.error: SearchCache: "_readCacheFile: Error reading cache file:" (new Error("", "(unknown module)"))
1598465289700	Marionette	INFO	Listening on port 54002
1598465290047	Marionette	WARN	TLS certificate errors will be ignored for this session
JavaScript error: , line 0: uncaught exception: Object
JavaScript warning: https://s.uicdn.com/nav-cdn/shared/jquery/2.2.4/jquery-2.2.4.min.js, line 41: unreachable code after return statement
JavaScript warning: https://s.uicdn.com/nav-cdn/shared/jquery/2.2.4/jquery-2.2.4.min.js, line 41: unreachable code after return statement
JavaScript warning: https://s.uicdn.com/nav-cdn/shared/jquery/2.2.4/jquery-2.2.4.min.js, line 41: unreachable code after return statement
JavaScript warning: https://s.uicdn.com/nav-cdn/shared/jquery/2.2.4/jquery-2.2.4.min.js, line 41: unreachable code after return statement
1598465464250	Marionette	INFO	Stopped listening on port 54002

###!!! [Child][RunMessage] Error: Channel closing: too late to send/recv, messages will be lost


###!!! [Child][MessageChannel::SendAndWait] Error: Channel error: cannot send/recv

1598465468195	geckodriver	INFO	Listening on 127.0.0.1:54182
1598465471221	mozrunner::runner	INFO	Running command: "C:\\Program Files\\Mozilla Firefox\\firefox.exe" "--marionette" "-foreground" "-no-remote" "-profile" "C:\\Users\\bero8\\AppData\\Local\\Temp\\rust_mozprofileViUz8n"
JavaScript error: resource://gre/modules/XULStore.jsm, line 66: Error: Can't find profile directory.
console.error: SearchCache: "_readCacheFile: Error reading cache file:" (new Error("", "(unknown module)"))
1598465472861	Marionette	INFO	Listening on port 54190
1598465473229	Marionette	WARN	TLS certificate errors will be ignored for this session
JavaScript error: , line 0: uncaught exception: Object
JavaScript warning: https://s.uicdn.com/nav-cdn/shared/jquery/2.2.4/jquery-2.2.4.min.js, line 41: unreachable code after return statement
JavaScript warning: https://s.uicdn.com/nav-cdn/shared/jquery/2.2.4/jquery-2.2.4.min.js, line 41: unreachable code after return statement
JavaScript warning: https://s.uicdn.com/nav-cdn/shared/jquery/2.2.4/jquery-2.2.4.min.js, line 41: unreachable code after return statement
JavaScript warning: https://s.uicdn.com/nav-cdn/shared/jquery/2.2.4/jquery-2.2.4.min.js, line 41: unreachable code after return statement
1598465597215	Marionette	INFO	Stopped listening on port 54190

###!!! [Child][MessageChannel::SendAndWait] Error: Channel error: cannot send/recv

firefox.exe" "--marionette" "-foreground" "-no-remote" "-profile" "C:\\Users\\bero8\\AppData\\Local\\Temp\\rust_mozprofileLuJn0m"
JavaScript error: resource://gre/modules/XULStore.jsm, line 66: Error: Can't find profile directory.
console.error: SearchCache: "_readCacheFile: Error reading cache file:" (new Error("", "(unknown module)"))
1598465505249	Marionette	INFO	Listening on port 54351
1598465505589	Marionette	WARN	TLS certificate errors will be ignored for this session
JavaScript error: , line 0: uncaught exception: Object
JavaScript warning: https://s.uicdn.com/nav-cdn/shared/jquery/2.2.4/jquery-2.2.4.min.js, line 41: unreachable code after return statement
JavaScript warning: https://s.uicdn.com/nav-cdn/shared/jquery/2.2.4/jquery-2.2.4.min.js, line 41: unreachable code after return statement
JavaScript warning: https://s.uicdn.com/nav-cdn/shared/jquery/2.2.4/jquery-2.2.4.min.js, line 41: unreachable code after return statement
JavaScript warning: https://s.uicdn.com/nav-cdn/shared/jquery/2.2.4/jquery-2.2.4.min.js, line 41: unreachable code after return statement
1598465593980	Marionette	INFO	Stopped listening on port 54351

###!!! [Child][RunMessage] Error: Channel closing: too late to send/recv, messages will be lost


###!!! [Child][MessageChannel::SendAndWait] Error: Channel error: cannot send/recv

Temp\\rust_mozprofile9GNurk"
JavaScript error: resource://gre/modules/XULStore.jsm, line 66: Error: Can't find profile directory.
console.error: SearchCache: "_readCacheFile: Error reading cache file:" (new Error("", "(unknown module)"))
1598465555130	Marionette	INFO	Listening on port 54496
1598465555512	Marionette	WARN	TLS certificate errors will be ignored for this session
JavaScript error: , line 0: uncaught exception: Object
JavaScript warning: https://s.uicdn.com/nav-cdn/shared/jquery/2.2.4/jquery-2.2.4.min.js, line 41: unreachable code after return statement
JavaScript warning: https://s.uicdn.com/nav-cdn/shared/jquery/2.2.4/jquery-2.2.4.min.js, line 41: unreachable code after return statement
JavaScript warning: https://s.uicdn.com/nav-cdn/shared/jquery/2.2.4/jquery-2.2.4.min.js, line 41: unreachable code after return statement
JavaScript warning: https://s.uicdn.com/nav-cdn/shared/jquery/2.2.4/jquery-2.2.4.min.js, line 41: unreachable code after return statement
1598465595824	Marionette	INFO	Stopped listening on port 54496

###!!! [Child][RunMessage] Error: Channel closing: too late to send/recv, messages will be lost


###!!! [Child][MessageChannel::SendAndWait] Error: Channel error: cannot send/recv

1598465664213	geckodriver	INFO	Listening on 127.0.0.1:54681
1598465667249	mozrunner::runner	INFO	Running command: "C:\\Program Files\\Mozilla Firefox\\firefox.exe" "--marionette" "-foreground" "-no-remote" "-profile" "C:\\Users\\bero8\\AppData\\Local\\Temp\\rust_mozprofileOgQil5"
JavaScript error: resource://gre/modules/XULStore.jsm, line 66: Error: Can't find profile directory.
console.error: SearchCache: "_readCacheFile: Error reading cache file:" (new Error("", "(unknown module)"))
1598465668836	Marionette	INFO	Listening on port 54689
1598465669255	Marionette	WARN	TLS certificate errors will be ignored for this session
JavaScript error: , line 0: uncaught exception: Object
JavaScript warning: https://s.uicdn.com/nav-cdn/shared/jquery/2.2.4/jquery-2.2.4.min.js, line 41: unreachable code after return statement
JavaScript warning: https://s.uicdn.com/nav-cdn/shared/jquery/2.2.4/jquery-2.2.4.min.js, line 41: unreachable code after return statement
JavaScript warning: https://s.uicdn.com/nav-cdn/shared/jquery/2.2.4/jquery-2.2.4.min.js, line 41: unreachable code after return statement
JavaScript warning: https://s.uicdn.com/nav-cdn/shared/jquery/2.2.4/jquery-2.2.4.min.js, line 41: unreachable code after return statement
1598465887788	Marionette	INFO	Stopped listening on port 54689

###!!! [Child][RunMessage] Error: Channel closing: too late to send/recv, messages will be lost


###!!! [Child][MessageChannel::SendAndWait] Error: Channel error: cannot send/recv

Temp\\rust_mozprofileN6eH8i"
JavaScript error: resource://gre/modules/XULStore.jsm, line 66: Error: Can't find profile directory.
console.error: SearchCache: "_readCacheFile: Error reading cache file:" (new Error("", "(unknown module)"))
1598465769753	Marionette	INFO	Listening on port 54834
1598465770219	Marionette	WARN	TLS certificate errors will be ignored for this session
JavaScript error: , line 0: uncaught exception: Object
JavaScript warning: https://s.uicdn.com/nav-cdn/shared/jquery/2.2.4/jquery-2.2.4.min.js, line 41: unreachable code after return statement
JavaScript warning: https://s.uicdn.com/nav-cdn/shared/jquery/2.2.4/jquery-2.2.4.min.js, line 41: unreachable code after return statement
JavaScript warning: https://s.uicdn.com/nav-cdn/shared/jquery/2.2.4/jquery-2.2.4.min.js, line 41: unreachable code after return statement
JavaScript warning: https://s.uicdn.com/nav-cdn/shared/jquery/2.2.4/jquery-2.2.4.min.js, line 41: unreachable code after return statement
1598465888919	Marionette	INFO	Stopped listening on port 54834

###!!! [Child][RunMessage] Error: Channel closing: too late to send/recv, messages will be lost


###!!! [Child][MessageChannel::SendAndWait] Error: Channel error: cannot send/recv

Temp\\rust_mozprofile5lDWS1"
JavaScript error: resource://gre/modules/XULStore.jsm, line 66: Error: Can't find profile directory.
console.error: SearchCache: "_readCacheFile: Error reading cache file:" (new Error("", "(unknown module)"))
1598465831360	Marionette	INFO	Listening on port 55077
1598465831711	Marionette	WARN	TLS certificate errors will be ignored for this session
JavaScript error: , line 0: uncaught exception: Object
JavaScript warning: https://s.uicdn.com/nav-cdn/shared/jquery/2.2.4/jquery-2.2.4.min.js, line 41: unreachable code after return statement
JavaScript warning: https://s.uicdn.com/nav-cdn/shared/jquery/2.2.4/jquery-2.2.4.min.js, line 41: unreachable code after return statement
JavaScript warning: https://s.uicdn.com/nav-cdn/shared/jquery/2.2.4/jquery-2.2.4.min.js, line 41: unreachable code after return statement
JavaScript warning: https://s.uicdn.com/nav-cdn/shared/jquery/2.2.4/jquery-2.2.4.min.js, line 41: unreachable code after return statement
1598465889757	Marionette	INFO	Stopped listening on port 55077

###!!! [Child][RunMessage] Error: Channel closing: too late to send/recv, messages will be lost


###!!! [Child][MessageChannel::SendAndWait] Error: Channel error: cannot send/recv

Temp\\rust_mozprofilePZtyhN"
JavaScript error: resource://gre/modules/XULStore.jsm, line 66: Error: Can't find profile directory.
console.error: SearchCache: "_readCacheFile: Error reading cache file:" (new Error("", "(unknown module)"))
1598465854863	Marionette	INFO	Listening on port 55222
1598465855147	Marionette	WARN	TLS certificate errors will be ignored for this session
JavaScript error: , line 0: uncaught exception: Object
JavaScript warning: https://s.uicdn.com/nav-cdn/shared/jquery/2.2.4/jquery-2.2.4.min.js, line 41: unreachable code after return statement
JavaScript warning: https://s.uicdn.com/nav-cdn/shared/jquery/2.2.4/jquery-2.2.4.min.js, line 41: unreachable code after return statement
JavaScript warning: https://s.uicdn.com/nav-cdn/shared/jquery/2.2.4/jquery-2.2.4.min.js, line 41: unreachable code after return statement
JavaScript warning: https://s.uicdn.com/nav-cdn/shared/jquery/2.2.4/jquery-2.2.4.min.js, line 41: unreachable code after return statement
1598465890712	Marionette	INFO	Stopped listening on port 55222

###!!! [Child][RunMessage] Error: Channel closing: too late to send/recv, messages will be lost


###!!! [Child][MessageChannel::SendAndWait] Error: Channel error: cannot send/recv

Temp\\rust_mozprofileM59FxG"
JavaScript error: resource://gre/modules/XULStore.jsm, line 66: Error: Can't find profile directory.
console.error: SearchCache: "_readCacheFile: Error reading cache file:" (new Error("", "(unknown module)"))
1598465875218	Marionette	INFO	Listening on port 55356
1598465875485	Marionette	WARN	TLS certificate errors will be ignored for this session
JavaScript error: , line 0: uncaught exception: Object
JavaScript warning: https://s.uicdn.com/nav-cdn/shared/jquery/2.2.4/jquery-2.2.4.min.js, line 41: unreachable code after return statement
JavaScript warning: https://s.uicdn.com/nav-cdn/shared/jquery/2.2.4/jquery-2.2.4.min.js, line 41: unreachable code after return statement
JavaScript warning: https://s.uicdn.com/nav-cdn/shared/jquery/2.2.4/jquery-2.2.4.min.js, line 41: unreachable code after return statement
JavaScript warning: https://s.uicdn.com/nav-cdn/shared/jquery/2.2.4/jquery-2.2.4.min.js, line 41: unreachable code after return statement
1598466860724	Marionette	INFO	Stopped listening on port 55356

###!!! [Child][RunMessage] Error: Channel closing: too late to send/recv, messages will be lost


###!!! [Child][MessageChannel::SendAndWait] Error: Channel error: cannot send/recv

Temp\\rust_mozprofileMnMofT"
JavaScript error: resource://gre/modules/XULStore.jsm, line 66: Error: Can't find profile directory.
console.error: SearchCache: "_readCacheFile: Error reading cache file:" (new Error("", "(unknown module)"))
1598465991242	Marionette	INFO	Listening on port 55491
1598465991612	Marionette	WARN	TLS certificate errors will be ignored for this session
JavaScript error: , line 0: uncaught exception: Object
JavaScript warning: https://s.uicdn.com/nav-cdn/shared/jquery/2.2.4/jquery-2.2.4.min.js, line 41: unreachable code after return statement
JavaScript warning: https://s.uicdn.com/nav-cdn/shared/jquery/2.2.4/jquery-2.2.4.min.js, line 41: unreachable code after return statement
JavaScript warning: https://s.uicdn.com/nav-cdn/shared/jquery/2.2.4/jquery-2.2.4.min.js, line 41: unreachable code after return statement
JavaScript warning: https://s.uicdn.com/nav-cdn/shared/jquery/2.2.4/jquery-2.2.4.min.js, line 41: unreachable code after return statement
1598466629564	Marionette	INFO	Stopped listening on port 55491

###!!! [Child][RunMessage] Error: Channel closing: too late to send/recv, messages will be lost


###!!! [Child][MessageChannel::SendAndWait] Error: Channel error: cannot send/recv

Temp\\rust_mozprofileFqbQGa"
JavaScript error: resource://gre/modules/XULStore.jsm, line 66: Error: Can't find profile directory.
console.error: SearchCache: "_readCacheFile: Error reading cache file:" (new Error("", "(unknown module)"))
1598466015910	Marionette	INFO	Listening on port 55626
1598466016216	Marionette	WARN	TLS certificate errors will be ignored for this session
JavaScript error: , line 0: uncaught exception: Object
JavaScript warning: https://s.uicdn.com/nav-cdn/shared/jquery/2.2.4/jquery-2.2.4.min.js, line 41: unreachable code after return statement
JavaScript warning: https://s.uicdn.com/nav-cdn/shared/jquery/2.2.4/jquery-2.2.4.min.js, line 41: unreachable code after return statement
JavaScript warning: https://s.uicdn.com/nav-cdn/shared/jquery/2.2.4/jquery-2.2.4.min.js, line 41: unreachable code after return statement
JavaScript warning: https://s.uicdn.com/nav-cdn/shared/jquery/2.2.4/jquery-2.2.4.min.js, line 41: unreachable code after return statement
1598466630388	Marionette	INFO	Stopped listening on port 55626

###!!! [Child][MessageChannel::SendAndWait] Error: Channel error: cannot send/recv

firefox.exe" "--marionette" "-foreground" "-no-remote" "-profile" "C:\\Users\\bero8\\AppData\\Local\\Temp\\rust_mozprofile1qbOxZ"
JavaScript error: resource://gre/modules/XULStore.jsm, line 66: Error: Can't find profile directory.
console.error: SearchCache: "_readCacheFile: Error reading cache file:" (new Error("", "(unknown module)"))
1598466384026	Marionette	INFO	Listening on port 55790
1598466384338	Marionette	WARN	TLS certificate errors will be ignored for this session
JavaScript error: , line 0: uncaught exception: Object
JavaScript warning: https://s.uicdn.com/nav-cdn/shared/jquery/2.2.4/jquery-2.2.4.min.js, line 41: unreachable code after return statement
JavaScript warning: https://s.uicdn.com/nav-cdn/shared/jquery/2.2.4/jquery-2.2.4.min.js, line 41: unreachable code after return statement
JavaScript warning: https://s.uicdn.com/nav-cdn/shared/jquery/2.2.4/jquery-2.2.4.min.js, line 41: unreachable code after return statement
JavaScript warning: https://s.uicdn.com/nav-cdn/shared/jquery/2.2.4/jquery-2.2.4.min.js, line 41: unreachable code after return statement
1598466631453	Marionette	INFO	Stopped listening on port 55790

###!!! [Child][RunMessage] Error: Channel closing: too late to send/recv, messages will be lost


###!!! [Child][MessageChannel::SendAndWait] Error: Channel error: cannot send/recv

Temp\\rust_mozprofileKU9Nmi"
JavaScript error: resource://gre/modules/XULStore.jsm, line 66: Error: Can't find profile directory.
console.error: SearchCache: "_readCacheFile: Error reading cache file:" (new Error("", "(unknown module)"))
1598466459134	Marionette	INFO	Listening on port 55937
1598466459546	Marionette	WARN	TLS certificate errors will be ignored for this session
JavaScript error: , line 0: uncaught exception: Object
JavaScript warning: https://s.uicdn.com/nav-cdn/shared/jquery/2.2.4/jquery-2.2.4.min.js, line 41: unreachable code after return statement
JavaScript warning: https://s.uicdn.com/nav-cdn/shared/jquery/2.2.4/jquery-2.2.4.min.js, line 41: unreachable code after return statement
JavaScript warning: https://s.uicdn.com/nav-cdn/shared/jquery/2.2.4/jquery-2.2.4.min.js, line 41: unreachable code after return statement
JavaScript warning: https://s.uicdn.com/nav-cdn/shared/jquery/2.2.4/jquery-2.2.4.min.js, line 41: unreachable code after return statement
1598466632374	Marionette	INFO	Stopped listening on port 55937

###!!! [Child][MessageChannel::SendAndWait] Error: Channel error: cannot send/recv

firefox.exe" "--marionette" "-foreground" "-no-remote" "-profile" "C:\\Users\\bero8\\AppData\\Local\\Temp\\rust_mozprofile3Wnasc"
JavaScript error: resource://gre/modules/XULStore.jsm, line 66: Error: Can't find profile directory.
console.error: SearchCache: "_readCacheFile: Error reading cache file:" (new Error("", "(unknown module)"))
1598466595927	Marionette	INFO	Listening on port 56099
1598466596242	Marionette	WARN	TLS certificate errors will be ignored for this session
JavaScript error: , line 0: uncaught exception: Object
JavaScript warning: https://s.uicdn.com/nav-cdn/shared/jquery/2.2.4/jquery-2.2.4.min.js, line 41: unreachable code after return statement
JavaScript warning: https://s.uicdn.com/nav-cdn/shared/jquery/2.2.4/jquery-2.2.4.min.js, line 41: unreachable code after return statement
JavaScript warning: https://s.uicdn.com/nav-cdn/shared/jquery/2.2.4/jquery-2.2.4.min.js, line 41: unreachable code after return statement
JavaScript warning: https://s.uicdn.com/nav-cdn/shared/jquery/2.2.4/jquery-2.2.4.min.js, line 41: unreachable code after return statement
1598466861423	Marionette	INFO	Stopped listening on port 56099

###!!! [Child][MessageChannel::SendAndWait] Error: Channel error: cannot send/recv

firefox.exe" "--marionette" "-foreground" "-no-remote" "-profile" "C:\\Users\\bero8\\AppData\\Local\\Temp\\rust_mozprofileaQdFCh"
JavaScript error: resource://gre/modules/XULStore.jsm, line 66: Error: Can't find profile directory.
console.error: SearchCache: "_readCacheFile: Error reading cache file:" (new Error("", "(unknown module)"))
1598466685273	Marionette	INFO	Listening on port 56249
1598466685603	Marionette	WARN	TLS certificate errors will be ignored for this session
JavaScript error: , line 0: uncaught exception: Object
JavaScript warning: https://s.uicdn.com/nav-cdn/shared/jquery/2.2.4/jquery-2.2.4.min.js, line 41: unreachable code after return statement
JavaScript warning: https://s.uicdn.com/nav-cdn/shared/jquery/2.2.4/jquery-2.2.4.min.js, line 41: unreachable code after return statement
JavaScript warning: https://s.uicdn.com/nav-cdn/shared/jquery/2.2.4/jquery-2.2.4.min.js, line 41: unreachable code after return statement
JavaScript warning: https://s.uicdn.com/nav-cdn/shared/jquery/2.2.4/jquery-2.2.4.min.js, line 41: unreachable code after return statement
1598466862239	Marionette	INFO	Stopped listening on port 56249

###!!! [Child][RunMessage] Error: Channel closing: too late to send/recv, messages will be lost


###!!! [Child][MessageChannel::SendAndWait] Error: Channel error: cannot send/recv

Temp\\rust_mozprofileZfze6f"
JavaScript error: resource://gre/modules/XULStore.jsm, line 66: Error: Can't find profile directory.
console.error: SearchCache: "_readCacheFile: Error reading cache file:" (new Error("", "(unknown module)"))
1598466780029	Marionette	INFO	Listening on port 56407
1598466780475	Marionette	WARN	TLS certificate errors will be ignored for this session
JavaScript error: , line 0: uncaught exception: Object
JavaScript warning: https://s.uicdn.com/nav-cdn/shared/jquery/2.2.4/jquery-2.2.4.min.js, line 41: unreachable code after return statement
JavaScript warning: https://s.uicdn.com/nav-cdn/shared/jquery/2.2.4/jquery-2.2.4.min.js, line 41: unreachable code after return statement
JavaScript warning: https://s.uicdn.com/nav-cdn/shared/jquery/2.2.4/jquery-2.2.4.min.js, line 41: unreachable code after return statement
JavaScript warning: https://s.uicdn.com/nav-cdn/shared/jquery/2.2.4/jquery-2.2.4.min.js, line 41: unreachable code after return statement
1598466864805	Marionette	INFO	Stopped listening on port 56407

###!!! [Child][RunMessage] Error: Channel closing: too late to send/recv, messages will be lost


###!!! [Child][MessageChannel::SendAndWait] Error: Channel error: cannot send/recv

Temp\\rust_mozprofile3nR9RE"
JavaScript error: resource://gre/modules/XULStore.jsm, line 66: Error: Can't find profile directory.
console.error: SearchCache: "_readCacheFile: Error reading cache file:" (new Error("", "(unknown module)"))
1598466842007	Marionette	INFO	Listening on port 56545
1598466842332	Marionette	WARN	TLS certificate errors will be ignored for this session
JavaScript error: , line 0: uncaught exception: Object
JavaScript warning: https://s.uicdn.com/nav-cdn/shared/jquery/2.2.4/jquery-2.2.4.min.js, line 41: unreachable code after return statement
JavaScript warning: https://s.uicdn.com/nav-cdn/shared/jquery/2.2.4/jquery-2.2.4.min.js, line 41: unreachable code after return statement
JavaScript warning: https://s.uicdn.com/nav-cdn/shared/jquery/2.2.4/jquery-2.2.4.min.js, line 41: unreachable code after return statement
JavaScript warning: https://s.uicdn.com/nav-cdn/shared/jquery/2.2.4/jquery-2.2.4.min.js, line 41: unreachable code after return statement
1598466864841	Marionette	INFO	Stopped listening on port 56545

###!!! [Child][RunMessage] Error: Channel closing: too late to send/recv, messages will be lost


###!!! [Child][MessageChannel::SendAndWait] Error: Channel error: cannot send/recv

1598466867488	geckodriver	INFO	Listening on 127.0.0.1:56669
1598466870512	mozrunner::runner	INFO	Running command: "C:\\Program Files\\Mozilla Firefox\\firefox.exe" "--marionette" "-foreground" "-no-remote" "-profile" "C:\\Users\\bero8\\AppData\\Local\\Temp\\rust_mozprofilezTscGE"
JavaScript error: resource://gre/modules/XULStore.jsm, line 66: Error: Can't find profile directory.
console.error: SearchCache: "_readCacheFile: Error reading cache file:" (new Error("", "(unknown module)"))
1598466872179	Marionette	INFO	Listening on port 56678
1598466872518	Marionette	WARN	TLS certificate errors will be ignored for this session
JavaScript error: , line 0: uncaught exception: Object
JavaScript warning: https://s.uicdn.com/nav-cdn/shared/jquery/2.2.4/jquery-2.2.4.min.js, line 41: unreachable code after return statement
JavaScript warning: https://s.uicdn.com/nav-cdn/shared/jquery/2.2.4/jquery-2.2.4.min.js, line 41: unreachable code after return statement
JavaScript warning: https://s.uicdn.com/nav-cdn/shared/jquery/2.2.4/jquery-2.2.4.min.js, line 41: unreachable code after return statement
JavaScript warning: https://s.uicdn.com/nav-cdn/shared/jquery/2.2.4/jquery-2.2.4.min.js, line 41: unreachable code after return statement
console.error: "Error while calling actor 'layout's method 'getGrids'" "node is null"
console.error: "getGrids@resource://devtools/server/actors/layout.js:502:26\ngetGrids@resource://devtools/server/actors/layout.js:507:43\nhandler@resource://devtools/shared/protocol/Actor.js:162:37\nonPacket@resource://devtools/server/devtools-server-connection.js:379:58\nreceiveMessage@resource://devtools/shared/transport/child-transport.js:66:16\n"
1598467470708	Marionette	INFO	Stopped listening on port 56678

###!!! [Child][RunMessage] Error: Channel closing: too late to send/recv, messages will be lost


###!!! [Child][MessageChannel::SendAndWait] Error: Channel error: cannot send/recv

aScript warning: https://s.uicdn.com/nav-cdn/shared/jquery/2.2.4/jquery-2.2.4.min.js, line 41: unreachable code after return statement
JavaScript warning: https://s.uicdn.com/nav-cdn/shared/jquery/2.2.4/jquery-2.2.4.min.js, line 41: unreachable code after return statement
JavaScript warning: https://s.uicdn.com/nav-cdn/shared/jquery/2.2.4/jquery-2.2.4.min.js, line 41: unreachable code after return statement
JavaScript warning: https://s.uicdn.com/nav-cdn/shared/jquery/2.2.4/jquery-2.2.4.min.js, line 41: unreachable code after return statement
1598468692665	Marionette	INFO	Stopped listening on port 56820

###!!! [Child][RunMessage] Error: Channel closing: too late to send/recv, messages will be lost


###!!! [Child][MessageChannel::SendAndWait] Error: Channel error: cannot send/recv

Temp\\rust_mozprofileu8vawF"
JavaScript error: resource://gre/modules/XULStore.jsm, line 66: Error: Can't find profile directory.
console.error: SearchCache: "_readCacheFile: Error reading cache file:" (new Error("", "(unknown module)"))
1598467100367	Marionette	INFO	Listening on port 57041
1598467100720	Marionette	WARN	TLS certificate errors will be ignored for this session
JavaScript error: , line 0: uncaught exception: Object
JavaScript warning: https://s.uicdn.com/nav-cdn/shared/jquery/2.2.4/jquery-2.2.4.min.js, line 41: unreachable code after return statement
JavaScript warning: https://s.uicdn.com/nav-cdn/shared/jquery/2.2.4/jquery-2.2.4.min.js, line 41: unreachable code after return statement
JavaScript warning: https://s.uicdn.com/nav-cdn/shared/jquery/2.2.4/jquery-2.2.4.min.js, line 41: unreachable code after return statement
JavaScript warning: https://s.uicdn.com/nav-cdn/shared/jquery/2.2.4/jquery-2.2.4.min.js, line 41: unreachable code after return statement
Extension error: Error: tried to detect trackers before rules were loaded moz-extension://44352c89-0963-4804-9e04-410172a2c0ce/public/js/background.js 287
[[Exception stack
getTrackerData@moz-extension://44352c89-0963-4804-9e04-410172a2c0ce/public/js/background.js:287:19
handleRequest@moz-extension://44352c89-0963-4804-9e04-410172a2c0ce/public/js/background.js:19137:32
Current stack
applySafeWithoutClone@resource://gre/modules/ExtensionCommon.jsm:619:13
fire@resource://gre/modules/ExtensionChild.jsm:806:37
recvRunListener@resource://gre/modules/ExtensionChild.jsm:810:13
_recv@resource://gre/modules/ConduitsChild.jsm:78:20
receiveMessage@resource://gre/modules/ConduitsChild.jsm:169:20
run@resource://gre/modules/ConduitsChild.jsm:160:30
receiveMessage/<@resource://gre/modules/ConduitsChild.jsm:161:46
receiveMessage@resource://gre/modules/ConduitsChild.jsm:161:31
]]
Extension error: Error: tried to detect trackers before rules were loaded moz-extension://44352c89-0963-4804-9e04-410172a2c0ce/public/js/background.js 287
[[Exception stack
getTrackerData@moz-extension://44352c89-0963-4804-9e04-410172a2c0ce/public/js/background.js:287:19
handleRequest@moz-extension://44352c89-0963-4804-9e04-410172a2c0ce/public/js/backJavaScript warning: https://s.uicdn.com/nav-cdn/shared/jquery/2.2.4/jquery-2.2.4.min.js, line 41: unreachable code after return statement
JavaScript warning: https://s.uicdn.com/nav-cdn/shared/jquery/2.2.4/jquery-2.2.4.min.js, line 41: unreachable code after return statement
JavaScript warning: https://s.uicdn.com/nav-cdn/shared/jquery/2.2.4/jquery-2.2.4.min.js, line 41: unreachable code after return statement
JavaScript warning: https://s.uicdn.com/nav-cdn/shared/jquery/2.2.4/jquery-2.2.4.min.js, line 41: unreachable code after return statement
JavaScript warning: https://s.uicdn.com/nav-cdn/shared/jquery/2.2.4/jquery-2.2.4.min.js, line 41: unreachable code after return statement
JavaScript warning: https://s.uicdn.com/nav-cdn/shared/jquery/2.2.4/jquery-2.2.4.min.js, line 41: unreachable code after return statement
JavaScript warning: https://s.uicdn.com/nav-cdn/shared/jquery/2.2.4/jquery-2.2.4.min.js, line 41: unreachable code after return statement
JavaScript warning: https://s.uicdn.com/nav-cdn/shared/jquery/2.2.4/jquery-2.2.4.min.js, line 41: unreachable code after return statement
JavaScript error: chrome://browser/content/pageinfo/pageInfo.js, line 573: NS_ERROR_IN_PROGRESS: Component returned failure code: 0x804b000f (NS_ERROR_IN_PROGRESS) [nsICacheEntry.dataSize]
1598469811767	Marionette	INFO	Stopped listening on port 57246

###!!! [Child][RunMessage] Error: Channel closing: too late to send/recv, messages will be lost


###!!! [Child][MessageChannel::SendAndWait] Error: Channel error: cannot send/recv

lic/js/background.js 287
[[Exception stack
getTrackerData@moz-extension://44352c89-0963-4804-9e04-410172a2c0ce/public/js/background.js:287:19
handleRequest@moz-extension://44352c89-0963-4804-9e04-410172a2c0ce/public/js/background.js:19137:32
Current stack
applySafeWithoutClone@resource://gre/modules/ExtensionCommon.jsm:619:13
fire@resource://gre/modules/ExtensionChild.jsm:806:37
recvRunListener@resource://gre/modules/ExtensionChild.jsm:810:13
_recv@resource://gre/modules/ConduitsChild.jsm:78:20
receiveMessage@resource://gre/modules/ConduitsChild.jsm:169:20
run@resource://gre/modules/ConduitsChild.jsm:160:30
receiveMessage/<@resource://gre/modules/ConduitsChild.jsm:161:46
receiveMessage@resource://gre/modules/ConduitsChild.jsm:161:31
]]
Extension error: Error: tried to detect trackers before rules were loaded moz-extension://44352c89-0963-4804-9e04-410172a2c0ce/public/js/background.js 287
[[Exception stack
getTrackerData@moz-extension://44352c89-0963-4804-9e04-410172a2c0ce/public/js/background.js:287:19
handleRequest@moz-extension://44352c89-0963-4804-9e04-410172a2c0ce/public/js/background.js:19137:32
Current stack
applySafeWithoutClone@resource://gre/modules/ExtensionCommon.jsm:619:13
fire@resource://gre/modules/ExtensionChild.jsm:806:37
recvRunListener@resource://gre/modules/ExtensionChild.jsm:810:13
_recv@resource://gre/modules/ConduitsChild.jsm:78:20
receiveMessage@resource://gre/modules/ConduitsChild.jsm:169:20
run@resource://gre/modules/ConduitsChild.jsm:160:30
receiveMessage/<@resource://gre/modules/ConduitsChild.jsm:161:46
receiveMessage@resource://gre/modules/ConduitsChild.jsm:161:31
]]
Extension error: Error: tried to detect trackers before rules were loaded moz-extension://44352c89-0963-4804-9e04-410172a2c0ce/public/js/background.js 287
[[Exception stack
getTrackerData@moz-extension://44352c89-0963-4804-9e04-410172a2c0ce/public/js/background.js:287:19
handleRequest@moz-extension://44352c89-0963-4804-9e04-410172a2c0ce/public/js/background.js:19137:32
Current stack
applySafeWithoutClone@resource://gre/modules/ExtensionCommon.jsm:619:13
fire@resource://gre/modules/ExtensionChild.jsm:806:37
recvRunListener@resource://gre/modules/ExtensionChild.jsm:810:13
_recv@resource://gre/modules/ConduitsChild.jsm:78:20
receiveMessage@resource://gre/modules/ConduitsChild.jsm:169:20
run@resource://gre/modules/ConduitsChild.jsm:160:30
receiveMessage/<@resource://gre/modules/ConduitsChild.jsm:161:46
receiveMessage@resource://gre/modules/ConduitsChild.jsm:161:31
]]
Extension error: Error: tried to detect trackers before rules were loaded moz-extension://44352c89-0963-4804-9e04-410172a2c0ce/public/js/background.js 287
[[Exception stack
getTrackerData@moz-extension://44352c89-0963-4804-9e04-410172a2c0ce/public/js/background.js:287:19
handleRequest@moz-extension://44352c89-0963-4804-9e04-410172a2c0ce/public/js/background.js:19137:32
Current stack
applySafeWithoutClone@resource://gre/modules/ExtensionCommon.jsm:619:13
fire@resource://gre/modules/ExtensionChild.jsm:806:37
recvRunListener@resource://gre/modules/ExtensionChild.jsm:810:13
_recv@resource://gre/modules/ConduitsChild.jsm:78:20
receiveMessage@resource://gre/modules/ConduitsChild.jsm:169:20
run@resource://gre/modules/ConduitsChild.jsm:160:30
receiveMessage/<@resource://gre/modules/ConduitsChild.jsm:161:46
receiveMessage@resource://gre/modules/ConduitsChild.jsm:161:31
]]
JavaScript warning: https://duckduckgo.com/d2838.js, line 1: unreachable code after return statement
JavaScript warning: https://duckduckgo.com/d2838.js, line 1: unreachable code after return statement
JavaScript warning: https://duckduckgo.com/d2838.js, line 1: unreachable code after return statement
1598468623498	Marionette	INFO	Stopped listening on port 57041

###!!! [Child][RunMessage] Error: Channel closing: too late to send/recv, messages will be lost


###!!! [Child][MessageChannel::SendAndWait] Error: Channel error: cannot send/recv

1598469004128	geckodriver	INFO	Listening on 127.0.0.1:58620
1598469007150	mozrunner::runner	INFO	Running command: "C:\\Program Files\\Mozilla Firefox\\firefox.exe" "--marionette" "-foreground" "-no-remote" "-profile" "C:\\Users\\bero8\\AppData\\Local\\Temp\\rust_mozprofileS5WlJA"
JavaScript error: resource://gre/modules/XULStore.jsm, line 66: Error: Can't find profile directory.
console.error: SearchCache: "_readCacheFile: Error reading cache file:" (new Error("", "(unknown module)"))
1598469008795	Marionette	INFO	Listening on port 58629
1598469009156	Marionette	WARN	TLS certificate errors will be ignored for this session
JavaScript error: , line 0: uncaught exception: Object
JavaScript warning: https://s.uicdn.com/nav-cdn/shared/jquery/2.2.4/jquery-2.2.4.min.js, line 41: unreachable code after return statement
JavaScript warning: https://s.uicdn.com/nav-cdn/shared/jquery/2.2.4/jquery-2.2.4.min.js, line 41: unreachable code after return statement
JavaScript warning: https://s.uicdn.com/nav-cdn/shared/jquery/2.2.4/jquery-2.2.4.min.js, line 41: unreachable code after return statement
JavaScript warning: https://s.uicdn.com/nav-cdn/shared/jquery/2.2.4/jquery-2.2.4.min.js, line 41: unreachable code after return statement
1598469812790	Marionette	INFO	Stopped listening on port 58629

###!!! [Child][RunMessage] Error: Channel closing: too late to send/recv, messages will be lost


###!!! [Child][MessageChannel::SendAndWait] Error: Channel error: cannot send/recv

Temp\\rust_mozprofileGZrOww"
JavaScript error: resource://gre/modules/XULStore.jsm, line 66: Error: Can't find profile directory.
console.error: SearchCache: "_readCacheFile: Error reading cache file:" (new Error("", "(unknown module)"))
1598469092679	Marionette	INFO	Listening on port 58815
1598469093043	Marionette	WARN	TLS certificate errors will be ignored for this session
JavaScript error: , line 0: uncaught exception: Object
JavaScript warning: https://s.uicdn.com/nav-cdn/shared/jquery/2.2.4/jquery-2.2.4.min.js, line 41: unreachable code after return statement
JavaScript warning: https://s.uicdn.com/nav-cdn/shared/jquery/2.2.4/jquery-2.2.4.min.js, line 41: unreachable code after return statement
JavaScript warning: https://s.uicdn.com/nav-cdn/shared/jquery/2.2.4/jquery-2.2.4.min.js, line 41: unreachable code after return statement
JavaScript warning: https://s.uicdn.com/nav-cdn/shared/jquery/2.2.4/jquery-2.2.4.min.js, line 41: unreachable code after return statement
1598469813735	Marionette	INFO	Stopped listening on port 58815

###!!! [Child][RunMessage] Error: Channel closing: too late to send/recv, messages will be lost


###!!! [Child][MessageChannel::SendAndWait] Error: Channel error: cannot send/recv

Temp\\rust_mozprofileHTY5FL"
JavaScript error: resource://gre/modules/XULStore.jsm, line 66: Error: Can't find profile directory.
console.error: SearchCache: "_readCacheFile: Error reading cache file:" (new Error("", "(unknown module)"))
1598469116997	Marionette	INFO	Listening on port 58955
1598469117384	Marionette	WARN	TLS certificate errors will be ignored for this session
JavaScript error: , line 0: uncaught exception: Object
JavaScript warning: https://s.uicdn.com/nav-cdn/shared/jquery/2.2.4/jquery-2.2.4.min.js, line 41: unreachable code after return statement
JavaScript warning: https://s.uicdn.com/nav-cdn/shared/jquery/2.2.4/jquery-2.2.4.min.js, line 41: unreachable code after return statement
JavaScript warning: https://s.uicdn.com/nav-cdn/shared/jquery/2.2.4/jquery-2.2.4.min.js, line 41: unreachable code after return statement
JavaScript warning: https://s.uicdn.com/nav-cdn/shared/jquery/2.2.4/jquery-2.2.4.min.js, line 41: unreachable code after return statement
1598469814749	Marionette	INFO	Stopped listening on port 58955

###!!! [Child][RunMessage] Error: Channel closing: too late to send/recv, messages will be lost


###!!! [Child][MessageChannel::SendAndWait] Error: Channel error: cannot send/recv

Temp\\rust_mozprofile6FSh1p"
JavaScript error: resource://gre/modules/XULStore.jsm, line 66: Error: Can't find profile directory.
console.error: SearchCache: "_readCacheFile: Error reading cache file:" (new Error("", "(unknown module)"))
1598469165392	Marionette	INFO	Listening on port 59120
1598469165684	Marionette	WARN	TLS certificate errors will be ignored for this session
JavaScript error: , line 0: uncaught exception: Object
JavaScript warning: https://s.uicdn.com/nav-cdn/shared/jquery/2.2.4/jquery-2.2.4.min.js, line 41: unreachable code after return statement
JavaScript warning: https://s.uicdn.com/nav-cdn/shared/jquery/2.2.4/jquery-2.2.4.min.js, line 41: unreachable code after return statement
JavaScript warning: https://s.uicdn.com/nav-cdn/shared/jquery/2.2.4/jquery-2.2.4.min.js, line 41: unreachable code after return statement
JavaScript warning: https://s.uicdn.com/nav-cdn/shared/jquery/2.2.4/jquery-2.2.4.min.js, line 41: unreachable code after return statement
1598469815805	Marionette	INFO	Stopped listening on port 59120

###!!! [Child][RunMessage] Error: Channel closing: too late to send/recv, messages will be lost


###!!! [Child][MessageChannel::SendAndWait] Error: Channel error: cannot send/recv

Temp\\rust_mozprofileu8f7QI"
JavaScript error: resource://gre/modules/XULStore.jsm, line 66: Error: Can't find profile directory.
console.error: SearchCache: "_readCacheFile: Error reading cache file:" (new Error("", "(unknown module)"))
1598469792028	Marionette	INFO	Listening on port 59618
1598469792291	Marionette	WARN	TLS certificate errors will be ignored for this session
JavaScript error: , line 0: uncaught exception: Object
JavaScript warning: https://s.uicdn.com/nav-cdn/shared/jquery/2.2.4/jquery-2.2.4.min.js, line 41: unreachable code after return statement
JavaScript warning: https://s.uicdn.com/nav-cdn/shared/jquery/2.2.4/jquery-2.2.4.min.js, line 41: unreachable code after return statement
JavaScript warning: https://s.uicdn.com/nav-cdn/shared/jquery/2.2.4/jquery-2.2.4.min.js, line 41: unreachable code after return statement
JavaScript warning: https://s.uicdn.com/nav-cdn/shared/jquery/2.2.4/jquery-2.2.4.min.js, line 41: unreachable code after return statement
JavaScript warning: https://s.uicdn.com/nav-cdn/shared/jquery/2.2.4/jquery-2.2.4.min.js, line 41: unreachable code after return statement
JavaScript warning: https://s.uicdn.com/nav-cdn/shared/jquery/2.2.4/jquery-2.2.4.min.js, line 41: unreachable code after return statement
JavaScript warning: https://s.uicdn.com/nav-cdn/shared/jquery/2.2.4/jquery-2.2.4.min.js, line 41: unreachable code after return statement
JavaScript warning: https://s.uicdn.com/nav-cdn/shared/jquery/2.2.4/jquery-2.2.4.min.js, line 41: unreachable code after return statement
JavaScript warning: https://s.uicdn.com/nav-cdn/shared/jquery/2.2.4/jquery-2.2.4.min.js, line 41: unreachable code after return statement
JavaScript warning: https://s.uicdn.com/nav-cdn/shared/jquery/2.2.4/jquery-2.2.4.min.js, line 41: unreachable code after return statement
JavaScript warning: https://s.uicdn.com/nav-cdn/shared/jquery/2.2.4/jquery-2.2.4.min.js, line 41: unreachable code after return statement
JavaScript warning: https://s.uicdn.com/nav-cdn/shared/jquery/2.2.4/jquery-2.2.4.min.js, line 41: unreachable code after return statement
1598470892792	Marionette	INFO	Stopped listening on port 59618

###!!! [Child][RunMessage] Error: Channel closing: too late to send/recv, messages will be lost


###!!! [Child][MessageChannel::SendAndWait] Error: Channel error: cannot send/recv

Temp\\rust_mozprofileZ4WHSj"
JavaScript error: resource://gre/modules/XULStore.jsm, line 66: Error: Can't find profile directory.
console.error: SearchCache: "_readCacheFile: Error reading cache file:" (new Error("", "(unknown module)"))
1598470130882	Marionette	INFO	Listening on port 59933
1598470131315	Marionette	WARN	TLS certificate errors will be ignored for this session
JavaScript error: , line 0: uncaught exception: Object
JavaScript warning: https://s.uicdn.com/nav-cdn/shared/jquery/2.2.4/jquery-2.2.4.min.js, line 41: unreachable code after return statement
JavaScript warning: https://s.uicdn.com/nav-cdn/shared/jquery/2.2.4/jquery-2.2.4.min.js, line 41: unreachable code after return statement
JavaScript warning: https://s.uicdn.com/nav-cdn/shared/jquery/2.2.4/jquery-2.2.4.min.js, line 41: unreachable code after return statement
JavaScript warning: https://s.uicdn.com/nav-cdn/shared/jquery/2.2.4/jquery-2.2.4.min.js, line 41: unreachable code after return statement
1598470893967	Marionette	INFO	Stopped listening on port 59933

###!!! [Child][RunMessage] Error: Channel closing: too late to send/recv, messages will be lost


###!!! [Child][MessageChannel::SendAndWait] Error: Channel error: cannot send/recv

Temp\\rust_mozprofileQIuzpE"
JavaScript error: resource://gre/modules/XULStore.jsm, line 66: Error: Can't find profile directory.
console.error: SearchCache: "_readCacheFile: Error reading cache file:" (new Error("", "(unknown module)"))
1598470267556	Marionette	INFO	Listening on port 60134
1598470267869	Marionette	WARN	TLS certificate errors will be ignored for this session
JavaScript error: , line 0: uncaught exception: Object
JavaScript warning: https://s.uicdn.com/nav-cdn/shared/jquery/2.2.4/jquery-2.2.4.min.js, line 41: unreachable code after return statement
JavaScript warning: https://s.uicdn.com/nav-cdn/shared/jquery/2.2.4/jquery-2.2.4.min.js, line 41: unreachable code after return statement
JavaScript warning: https://s.uicdn.com/nav-cdn/shared/jquery/2.2.4/jquery-2.2.4.min.js, line 41: unreachable code after return statement
JavaScript warning: https://s.uicdn.com/nav-cdn/shared/jquery/2.2.4/jquery-2.2.4.min.js, line 41: unreachable code after return statement
1598470894978	Marionette	INFO	Stopped listening on port 60134

###!!! [Child][MessageChannel::SendAndWait] Error: Channel error: cannot send/recv

1598471051573	geckodriver	INFO	Listening on 127.0.0.1:60532
1598471054591	mozrunner::runner	INFO	Running command: "C:\\Program Files\\Mozilla Firefox\\firefox.exe" "--marionette" "-foreground" "-no-remote" "-profile" "C:\\Users\\bero8\\AppData\\Local\\Temp\\rust_mozprofileXJRohC"
JavaScript error: resource://gre/modules/XULStore.jsm, line 66: Error: Can't find profile directory.
console.error: SearchCache: "_readCacheFile: Error reading cache file:" (new Error("", "(unknown module)"))
1598471056261	Marionette	INFO	Listening on port 60541
1598471056598	Marionette	WARN	TLS certificate errors will be ignored for this session
JavaScript error: https://pagead2.googlesyndication.com/pagead/js/adsbygoogle.js, line 63: uncaught exception: TagError: adsbygoogle.push() error: No slot size for availableWidth=0
1598471155857	Marionette	INFO	Stopped listening on port 60541

###!!! [Child][RunMessage] Error: Channel closing: too late to send/recv, messages will be lost


###!!! [Child][MessageChannel::SendAndWait] Error: Channel error: cannot send/recv

Temp\\rust_mozprofileFZhRiK"
JavaScript error: resource://gre/modules/XULStore.jsm, line 66: Error: Can't find profile directory.
console.error: SearchCache: "_readCacheFile: Error reading cache file:" (new Error("", "(unknown module)"))
1598471098586	Marionette	INFO	Listening on port 60635
1598471098972	Marionette	WARN	TLS certificate errors will be ignored for this session
JavaScript error: https://pagead2.googlesyndication.com/pagead/js/adsbygoogle.js, line 63: uncaught exception: TagError: adsbygoogle.push() error: No slot size for availableWidth=0
1598471156908	Marionette	INFO	Stopped listening on port 60635

###!!! [Child][RunMessage] Error: Channel closing: too late to send/recv, messages will be lost


###!!! [Child][MessageChannel::SendAndWait] Error: Channel error: cannot send/recv

Temp\\rust_mozprofileboGRzN"
JavaScript error: resource://gre/modules/XULStore.jsm, line 66: Error: Can't find profile directory.
console.error: SearchCache: "_readCacheFile: Error reading cache file:" (new Error("", "(unknown module)"))
1598471145242	Marionette	INFO	Listening on port 60732
1598471145614	Marionette	WARN	TLS certificate errors will be ignored for this session
JavaScript error: https://pagead2.googlesyndication.com/pagead/js/adsbygoogle.js, line 63: uncaught exception: TagError: adsbygoogle.push() error: No slot size for availableWidth=0
1598471153832	Marionette	INFO	Stopped listening on port 60732

###!!! [Child][RunMessage] Error: Channel closing: too late to send/recv, messages will be lost


###!!! [Child][MessageChannel::SendAndWait] Error: Channel error: cannot send/recv

1598471178391	geckodriver	INFO	Listening on 127.0.0.1:60820
1598471181425	mozrunner::runner	INFO	Running command: "C:\\Program Files\\Mozilla Firefox\\firefox.exe" "--marionette" "-foreground" "-no-remote" "-profile" "C:\\Users\\bero8\\AppData\\Local\\Temp\\rust_mozprofileL9wbOc"
JavaScript error: resource://gre/modules/XULStore.jsm, line 66: Error: Can't find profile directory.
console.error: SearchCache: "_readCacheFile: Error reading cache file:" (new Error("", "(unknown module)"))
1598471183053	Marionette	INFO	Listening on port 60829
1598471183432	Marionette	WARN	TLS certificate errors will be ignored for this session
JavaScript error: https://pagead2.googlesyndication.com/pagead/js/adsbygoogle.js, line 63: uncaught exception: TagError: adsbygoogle.push() error: No slot size for availableWidth=0
1598471228851	Marionette	INFO	Stopped listening on port 60829

###!!! [Child][RunMessage] Error: Channel closing: too late to send/recv, messages will be lost


###!!! [Child][MessageChannel::SendAndWait] Error: Channel error: cannot send/recv

1598471230441	geckodriver	INFO	Listening on 127.0.0.1:60922
1598471233496	mozrunner::runner	INFO	Running command: "C:\\Program Files\\Mozilla Firefox\\firefox.exe" "--marionette" "-foreground" "-no-remote" "-profile" "C:\\Users\\bero8\\AppData\\Local\\Temp\\rust_mozprofileaMkIJL"
JavaScript error: resource://gre/modules/XULStore.jsm, line 66: Error: Can't find profile directory.
console.error: SearchCache: "_readCacheFile: Error reading cache file:" (new Error("", "(unknown module)"))
1598471235137	Marionette	INFO	Listening on port 60931
1598471235502	Marionette	WARN	TLS certificate errors will be ignored for this session
JavaScript error: https://pagead2.googlesyndication.com/pagead/js/adsbygoogle.js, line 63: uncaught exception: TagError: adsbygoogle.push() error: No slot size for availableWidth=0
1598471248091	Marionette	INFO	Stopped listening on port 60931

###!!! [Child][RunMessage] Error: Channel closing: too late to send/recv, messages will be lost


###!!! [Child][MessageChannel::SendAndWait] Error: Channel error: cannot send/recv

1598471295412	geckodriver	INFO	Listening on 127.0.0.1:61029
1598471298463	mozrunner::runner	INFO	Running command: "C:\\Program Files\\Mozilla Firefox\\firefox.exe" "--marionette" "-foreground" "-no-remote" "-profile" "C:\\Users\\bero8\\AppData\\Local\\Temp\\rust_mozprofile6EF0nY"
JavaScript error: resource://gre/modules/XULStore.jsm, line 66: Error: Can't find profile directory.
console.error: SearchCache: "_readCacheFile: Error reading cache file:" (new Error("", "(unknown module)"))
1598471299968	Marionette	INFO	Listening on port 61039
1598471300469	Marionette	WARN	TLS certificate errors will be ignored for this session
JavaScript error: https://pagead2.googlesyndication.com/pagead/js/adsbygoogle.js, line 63: uncaught exception: TagError: adsbygoogle.push() error: No slot size for availableWidth=0
1598471463492	Marionette	INFO	Stopped listening on port 61039

###!!! [Child][RunMessage] Error: Channel closing: too late to send/recv, messages will be lost


###!!! [Child][MessageChannel::SendAndWait] Error: Channel error: cannot send/recv

Temp\\rust_mozprofileVlFFxw"
JavaScript error: resource://gre/modules/XULStore.jsm, line 66: Error: Can't find profile directory.
console.error: SearchCache: "_readCacheFile: Error reading cache file:" (new Error("", "(unknown module)"))
1598471392662	Marionette	INFO	Listening on port 61166
1598471393027	Marionette	WARN	TLS certificate errors will be ignored for this session
JavaScript error: https://pagead2.googlesyndication.com/pagead/js/adsbygoogle.js, line 63: uncaught exception: TagError: adsbygoogle.push() error: No slot size for availableWidth=0
1598471461179	Marionette	INFO	Stopped listening on port 61166

###!!! [Child][RunMessage] Error: Channel closing: too late to send/recv, messages will be lost


###!!! [Child][MessageChannel::SendAndWait] Error: Channel error: cannot send/recv

1598471464606	geckodriver	INFO	Listening on 127.0.0.1:61269
1598471467660	mozrunner::runner	INFO	Running command: "C:\\Program Files\\Mozilla Firefox\\firefox.exe" "--marionette" "-foreground" "-no-remote" "-profile" "C:\\Users\\bero8\\AppData\\Local\\Temp\\rust_mozprofile8UCpgc"
JavaScript error: resource://gre/modules/XULStore.jsm, line 66: Error: Can't find profile directory.
console.error: SearchCache: "_readCacheFile: Error reading cache file:" (new Error("", "(unknown module)"))
1598471469305	Marionette	INFO	Listening on port 61279
1598471469668	Marionette	WARN	TLS certificate errors will be ignored for this session
JavaScript error: https://pagead2.googlesyndication.com/pagead/js/adsbygoogle.js, line 63: uncaught exception: TagError: adsbygoogle.push() error: No slot size for availableWidth=0
1598471797091	Marionette	INFO	Stopped listening on port 61279

###!!! [Child][RunMessage] Error: Channel closing: too late to send/recv, messages will be lost


###!!! [Child][MessageChannel::SendAndWait] Error: Channel error: cannot send/recv

Temp\\rust_mozprofileJhp2i0"
JavaScript error: resource://gre/modules/XULStore.jsm, line 66: Error: Can't find profile directory.
console.error: SearchCache: "_readCacheFile: Error reading cache file:" (new Error("", "(unknown module)"))
1598471671405	Marionette	INFO	Listening on port 61453
1598471671750	Marionette	WARN	TLS certificate errors will be ignored for this session
JavaScript error: https://pagead2.googlesyndication.com/pagead/js/adsbygoogle.js, line 63: uncaught exception: TagError: adsbygoogle.push() error: No slot size for availableWidth=0
1598471797912	Marionette	INFO	Stopped listening on port 61453

###!!! [Child][RunMessage] Error: Channel closing: too late to send/recv, messages will be lost


###!!! [Child][MessageChannel::SendAndWait] Error: Channel error: cannot send/recv

Temp\\rust_mozprofileo3Zuix"
JavaScript error: resource://gre/modules/XULStore.jsm, line 66: Error: Can't find profile directory.
console.error: SearchCache: "_readCacheFile: Error reading cache file:" (new Error("", "(unknown module)"))
1598471717956	Marionette	INFO	Listening on port 61551
1598471718346	Marionette	WARN	TLS certificate errors will be ignored for this session
JavaScript error: https://pagead2.googlesyndication.com/pagead/js/adsbygoogle.js, line 63: uncaught exception: TagError: adsbygoogle.push() error: No slot size for availableWidth=0
1598471799783	Marionette	INFO	Stopped listening on port 61551

###!!! [Child][RunMessage] Error: Channel closing: too late to send/recv, messages will be lost


###!!! [Child][MessageChannel::SendAndWait] Error: Channel error: cannot send/recv

Temp\\rust_mozprofileAZDPJP"
JavaScript error: resource://gre/modules/XULStore.jsm, line 66: Error: Can't find profile directory.
console.error: SearchCache: "_readCacheFile: Error reading cache file:" (new Error("", "(unknown module)"))
1598471799501	Marionette	INFO	Listening on port 61672
1598471799851	Marionette	WARN	TLS certificate errors will be ignored for this session
JavaScript error: https://pagead2.googlesyndication.com/pagead/js/adsbygoogle.js, line 63: uncaught exception: TagError: adsbygoogle.push() error: No slot size for availableWidth=0
1598472153176	Marionette	INFO	Stopped listening on port 61672

###!!! [Child][RunMessage] Error: Channel closing: too late to send/recv, messages will be lost


###!!! [Child][MessageChannel::SendAndWait] Error: Channel error: cannot send/recv

Temp\\rust_mozprofileoCiWqD"
JavaScript error: resource://gre/modules/XULStore.jsm, line 66: Error: Can't find profile directory.
console.error: SearchCache: "_readCacheFile: Error reading cache file:" (new Error("", "(unknown module)"))
1598471899591	Marionette	INFO	Listening on port 61804
1598471900008	Marionette	WARN	TLS certificate errors will be ignored for this session
JavaScript error: https://pagead2.googlesyndication.com/pagead/js/adsbygoogle.js, line 63: uncaught exception: TagError: adsbygoogle.push() error: No slot size for availableWidth=0
1598472156028	Marionette	INFO	Stopped listening on port 61804

###!!! [Child][RunMessage] Error: Channel closing: too late to send/recv, messages will be lost


###!!! [Child][MessageChannel::SendAndWait] Error: Channel error: cannot send/recv

Temp\\rust_mozprofile0z6UFW"
JavaScript error: resource://gre/modules/XULStore.jsm, line 66: Error: Can't find profile directory.
console.error: SearchCache: "_readCacheFile: Error reading cache file:" (new Error("", "(unknown module)"))
1598471921105	Marionette	INFO	Listening on port 61887
1598471921488	Marionette	WARN	TLS certificate errors will be ignored for this session
JavaScript error: https://pagead2.googlesyndication.com/pagead/js/adsbygoogle.js, line 63: uncaught exception: TagError: adsbygoogle.push() error: No slot size for availableWidth=0
1598472157068	Marionette	INFO	Stopped listening on port 61887

###!!! [Child][RunMessage] Error: Channel closing: too late to send/recv, messages will be lost


###!!! [Child][MessageChannel::SendAndWait] Error: Channel error: cannot send/recv

Temp\\rust_mozprofilebHY4Ij"
JavaScript error: resource://gre/modules/XULStore.jsm, line 66: Error: Can't find profile directory.
console.error: SearchCache: "_readCacheFile: Error reading cache file:" (new Error("", "(unknown module)"))
1598471972759	Marionette	INFO	Listening on port 61993
1598471973146	Marionette	WARN	TLS certificate errors will be ignored for this session
JavaScript error: https://pagead2.googlesyndication.com/pagead/js/adsbygoogle.js, line 63: uncaught exception: TagError: adsbygoogle.push() error: No slot size for availableWidth=0
1598472158014	Marionette	INFO	Stopped listening on port 61993

###!!! [Child][MessageChannel::SendAndWait] Error: Channel error: cannot send/recv

firefox.exe" "--marionette" "-foreground" "-no-remote" "-profile" "C:\\Users\\bero8\\AppData\\Local\\Temp\\rust_mozprofile5VeMZL"
JavaScript error: resource://gre/modules/XULStore.jsm, line 66: Error: Can't find profile directory.
console.error: SearchCache: "_readCacheFile: Error reading cache file:" (new Error("", "(unknown module)"))
1598471991868	Marionette	INFO	Listening on port 62082
1598471992218	Marionette	WARN	TLS certificate errors will be ignored for this session
JavaScript error: https://pagead2.googlesyndication.com/pagead/js/adsbygoogle.js, line 63: uncaught exception: TagError: adsbygoogle.push() error: No slot size for availableWidth=0
1598472158901	Marionette	INFO	Stopped listening on port 62082

###!!! [Child][RunMessage] Error: Channel closing: too late to send/recv, messages will be lost


###!!! [Child][MessageChannel::SendAndWait] Error: Channel error: cannot send/recv

1598472163599	geckodriver	INFO	Listening on 127.0.0.1:62244
1598472166619	mozrunner::runner	INFO	Running command: "C:\\Program Files\\Mozilla Firefox\\firefox.exe" "--marionette" "-foreground" "-no-remote" "-profile" "C:\\Users\\bero8\\AppData\\Local\\Temp\\rust_mozprofileoVzhaM"
JavaScript error: resource://gre/modules/XULStore.jsm, line 66: Error: Can't find profile directory.
console.error: SearchCache: "_readCacheFile: Error reading cache file:" (new Error("", "(unknown module)"))
1598472168320	Marionette	INFO	Listening on port 62253
1598472168632	Marionette	WARN	TLS certificate errors will be ignored for this session
JavaScript error: https://pagead2.googlesyndication.com/pagead/js/adsbygoogle.js, line 63: uncaught exception: TagError: adsbygoogle.push() error: No slot size for availableWidth=0
[Parent 15968, Gecko_IOThread] WARNING: file /builds/worker/checkouts/gecko/ipc/chromium/src/base/process_util_win.cc, line 166
1598473064447	Marionette	INFO	Stopped listening on port 62253

###!!! [Child][RunMessage] Error: Channel closing: too late to send/recv, messages will be lost


###!!! [Child][MessageChannel::SendAndWait] Error: Channel error: cannot send/recv


console.error: SearchCache: "_readCacheFile: Error reading cache file:" (new Error("", "(unknown module)"))
1598473021153	Marionette	INFO	Listening on port 62795
1598473021518	Marionette	WARN	TLS certificate errors will be ignored for this session
JavaScript error: , line 0: uncaught exception: Object
JavaScript warning: https://s.uicdn.com/nav-cdn/shared/jquery/2.2.4/jquery-2.2.4.min.js, line 41: unreachable code after return statement
JavaScript warning: https://s.uicdn.com/nav-cdn/shared/jquery/2.2.4/jquery-2.2.4.min.js, line 41: unreachable code after return statement
JavaScript warning: https://s.uicdn.com/nav-cdn/shared/jquery/2.2.4/jquery-2.2.4.min.js, line 41: unreachable code after return statement
JavaScript warning: https://s.uicdn.com/nav-cdn/shared/jquery/2.2.4/jquery-2.2.4.min.js, line 41: unreachable code after return statement
1598473036068	Marionette	INFO	Stopped listening on port 62795

###!!! [Child][RunMessage] Error: Channel closing: too late to send/recv, messages will be lost


###!!! [Child][MessageChannel::SendAndWait] Error: Channel error: cannot send/recv

1598473049130	geckodriver	INFO	Listening on 127.0.0.1:62951
1598473052146	mozrunner::runner	INFO	Running command: "C:\\Program Files\\Mozilla Firefox\\firefox.exe" "--marionette" "-foreground" "-no-remote" "-profile" "C:\\Users\\bero8\\AppData\\Local\\Temp\\rust_mozprofiletELoEn"
JavaScript error: resource://gre/modules/XULStore.jsm, line 66: Error: Can't find profile directory.
console.error: SearchCache: "_readCacheFile: Error reading cache file:" (new Error("", "(unknown module)"))
1598473053777	Marionette	INFO	Listening on port 62960
1598473054158	Marionette	WARN	TLS certificate errors will be ignored for this session
JavaScript error: , line 0: uncaught exception: Object
JavaScript warning: https://s.uicdn.com/nav-cdn/shared/jquery/2.2.4/jquery-2.2.4.min.js, line 41: unreachable code after return statement
JavaScript warning: https://s.uicdn.com/nav-cdn/shared/jquery/2.2.4/jquery-2.2.4.min.js, line 41: unreachable code after return statement
JavaScript warning: https://s.uicdn.com/nav-cdn/shared/jquery/2.2.4/jquery-2.2.4.min.js, line 41: unreachable code after return statement
JavaScript warning: https://s.uicdn.com/nav-cdn/shared/jquery/2.2.4/jquery-2.2.4.min.js, line 41: unreachable code after return statement
1598473059230	Marionette	INFO	Stopped listening on port 62960

###!!! [Child][RunMessage] Error: Channel closing: too late to send/recv, messages will be lost


###!!! [Child][MessageChannel::SendAndWait] Error: Channel error: cannot send/recv

1598474478889	geckodriver	INFO	Listening on 127.0.0.1:50761
1598474481923	mozrunner::runner	INFO	Running command: "C:\\Program Files\\Mozilla Firefox\\firefox.exe" "--marionette" "-foreground" "-no-remote" "-profile" "C:\\Users\\bero8\\AppData\\Local\\Temp\\rust_mozprofileKsDAVI"
JavaScript error: resource://gre/modules/XULStore.jsm, line 66: Error: Can't find profile directory.
console.error: SearchCache: "_readCacheFile: Error reading cache file:" (new Error("", "(unknown module)"))
1598474483491	Marionette	INFO	Listening on port 50771
1598474483933	Marionette	WARN	TLS certificate errors will be ignored for this session
JavaScript error: , line 0: uncaught exception: Object
JavaScript warning: https://s.uicdn.com/nav-cdn/shared/jquery/2.2.4/jquery-2.2.4.min.js, line 41: unreachable code after return statement
JavaScript warning: https://s.uicdn.com/nav-cdn/shared/jquery/2.2.4/jquery-2.2.4.min.js, line 41: unreachable code after return statement
JavaScript warning: https://s.uicdn.com/nav-cdn/shared/jquery/2.2.4/jquery-2.2.4.min.js, line 41: unreachable code after return statement
JavaScript warning: https://s.uicdn.com/nav-cdn/shared/jquery/2.2.4/jquery-2.2.4.min.js, line 41: unreachable code after return statement
1598474613674	Marionette	INFO	Stopped listening on port 50771

###!!! [Child][RunMessage] Error: Channel closing: too late to send/recv, messages will be lost


###!!! [Child][MessageChannel::SendAndWait] Error: Channel error: cannot send/recv

Temp\\rust_mozprofile8sz8wJ"
JavaScript error: resource://gre/modules/XULStore.jsm, line 66: Error: Can't find profile directory.
console.error: SearchCache: "_readCacheFile: Error reading cache file:" (new Error("", "(unknown module)"))
1598474511000	Marionette	INFO	Listening on port 50925
1598474511384	Marionette	WARN	TLS certificate errors will be ignored for this session
JavaScript error: , line 0: uncaught exception: Object
JavaScript warning: https://s.uicdn.com/nav-cdn/shared/jquery/2.2.4/jquery-2.2.4.min.js, line 41: unreachable code after return statement
JavaScript warning: https://s.uicdn.com/nav-cdn/shared/jquery/2.2.4/jquery-2.2.4.min.js, line 41: unreachable code after return statement
JavaScript warning: https://s.uicdn.com/nav-cdn/shared/jquery/2.2.4/jquery-2.2.4.min.js, line 41: unreachable code after return statement
JavaScript warning: https://s.uicdn.com/nav-cdn/shared/jquery/2.2.4/jquery-2.2.4.min.js, line 41: unreachable code after return statement
JavaScript error: https://s.uicdn.com/nav-cdn/shared/jquery/2.2.4/jquery-2.2.4.min.js, line 2: Error: Syntax error, unrecognized expression: #.pc_page.homepage.index.loginbox_2.netid
JavaScript error: https://s.uicdn.com/nav-cdn/shared/jquery/2.2.4/jquery-2.2.4.min.js, line 2: Error: Syntax error, unrecognized expression: #.pc_page.homepage.mobil.nav.mail
JavaScript warning: https://s.uicdn.com/nav-cdn/shared/jquery/2.2.4/jquery-2.2.4.min.js, line 41: unreachable code after return statement
JavaScript warning: https://s.uicdn.com/nav-cdn/shared/jquery/2.2.4/jquery-2.2.4.min.js, line 41: unreachable code after return statement
JavaScript warning: https://s.uicdn.com/nav-cdn/shared/jquery/2.2.4/jquery-2.2.4.min.js, line 41: unreachable code after return statement
JavaScript warning: https://s.uicdn.com/nav-cdn/shared/jquery/2.2.4/jquery-2.2.4.min.js, line 41: unreachable code after return statement
1598475912932	Marionette	INFO	Stopped listening on port 50925

###!!! [Child][RunMessage] Error: Channel closing: too late to send/recv, messages will be lost


###!!! [Child][MessageChannel::SendAndWait] Error: Channel error: cannot send/recv

1598475939227	geckodriver	INFO	Listening on 127.0.0.1:55916
1598475942260	mozrunner::runner	INFO	Running command: "C:\\Program Files\\Mozilla Firefox\\firefox.exe" "--marionette" "-foreground" "-no-remote" "-profile" "C:\\Users\\bero8\\AppData\\Local\\Temp\\rust_mozprofileuEzQBt"
JavaScript error: resource://gre/modules/XULStore.jsm, line 66: Error: Can't find profile directory.
console.error: SearchCache: "_readCacheFile: Error reading cache file:" (new Error("", "(unknown module)"))
1598475943916	Marionette	INFO	Listening on port 55924
1598475944270	Marionette	WARN	TLS certificate errors will be ignored for this session
JavaScript error: https://pagead2.googlesyndication.com/pagead/js/adsbygoogle.js, line 63: uncaught exception: TagError: adsbygoogle.push() error: No slot size for availableWidth=0
1598476882374	Marionette	INFO	Stopped listening on port 55924

###!!! [Child][RunMessage] Error: Channel closing: too late to send/recv, messages will be lost


###!!! [Child][MessageChannel::SendAndWait] Error: Channel error: cannot send/recv

Temp\\rust_mozprofileCREEZr"
JavaScript error: resource://gre/modules/XULStore.jsm, line 66: Error: Can't find profile directory.
console.error: SearchCache: "_readCacheFile: Error reading cache file:" (new Error("", "(unknown module)"))
1598476029403	Marionette	INFO	Listening on port 56012
1598476029799	Marionette	WARN	TLS certificate errors will be ignored for this session
JavaScript error: https://pagead2.googlesyndication.com/pagead/js/adsbygoogle.js, line 63: uncaught exception: TagError: adsbygoogle.push() error: No slot size for availableWidth=0
1598476093195	Marionette	INFO	Stopped listening on port 56012

###!!! [Child][RunMessage] Error: Channel closing: too late to send/recv, messages will be lost


###!!! [Child][MessageChannel::SendAndWait] Error: Channel error: cannot send/recv

Temp\\rust_mozprofileyvtagH"
JavaScript error: resource://gre/modules/XULStore.jsm, line 66: Error: Can't find profile directory.
console.error: SearchCache: "_readCacheFile: Error reading cache file:" (new Error("", "(unknown module)"))
1598476080861	Marionette	INFO	Listening on port 56085
1598476081209	Marionette	WARN	TLS certificate errors will be ignored for this session
JavaScript error: https://pagead2.googlesyndication.com/pagead/js/adsbygoogle.js, line 63: uncaught exception: TagError: adsbygoogle.push() error: No slot size for availableWidth=0
1598476094342	Marionette	INFO	Stopped listening on port 56085

###!!! [Child][RunMessage] Error: Channel closing: too late to send/recv, messages will be lost


###!!! [Child][MessageChannel::SendAndWait] Error: Channel error: cannot send/recv

1598476161341	geckodriver	INFO	Listening on 127.0.0.1:56151
1598476164364	mozrunner::runner	INFO	Running command: "C:\\Program Files\\Mozilla Firefox\\firefox.exe" "--marionette" "-foreground" "-no-remote" "-profile" "C:\\Users\\bero8\\AppData\\Local\\Temp\\rust_mozprofileaDhlAk"
JavaScript error: resource://gre/modules/XULStore.jsm, line 66: Error: Can't find profile directory.
console.error: SearchCache: "_readCacheFile: Error reading cache file:" (new Error("", "(unknown module)"))
1598476166011	Marionette	INFO	Listening on port 56159
1598476166375	Marionette	WARN	TLS certificate errors will be ignored for this session
JavaScript error: https://pagead2.googlesyndication.com/pagead/js/adsbygoogle.js, line 63: uncaught exception: TagError: adsbygoogle.push() error: No slot size for availableWidth=0
1598476883083	Marionette	INFO	Stopped listening on port 56159

###!!! [Child][RunMessage] Error: Channel closing: too late to send/recv, messages will be lost


###!!! [Child][MessageChannel::SendAndWait] Error: Channel error: cannot send/recv

Temp\\rust_mozprofileehj90y"
JavaScript error: resource://gre/modules/XULStore.jsm, line 66: Error: Can't find profile directory.
console.error: SearchCache: "_readCacheFile: Error reading cache file:" (new Error("", "(unknown module)"))
1598476189502	Marionette	INFO	Listening on port 56233
1598476189845	Marionette	WARN	TLS certificate errors will be ignored for this session
JavaScript error: https://pagead2.googlesyndication.com/pagead/js/adsbygoogle.js, line 63: uncaught exception: TagError: adsbygoogle.push() error: No slot size for availableWidth=0
1598476885634	Marionette	INFO	Stopped listening on port 56233

###!!! [Child][MessageChannel::SendAndWait] Error: Channel error: cannot send/recv

firefox.exe" "--marionette" "-foreground" "-no-remote" "-profile" "C:\\Users\\bero8\\AppData\\Local\\Temp\\rust_mozprofilelUt5JG"
JavaScript error: resource://gre/modules/XULStore.jsm, line 66: Error: Can't find profile directory.
console.error: SearchCache: "_readCacheFile: Error reading cache file:" (new Error("", "(unknown module)"))
1598476322892	Marionette	INFO	Listening on port 56316
1598476323280	Marionette	WARN	TLS certificate errors will be ignored for this session
JavaScript error: https://pagead2.googlesyndication.com/pagead/js/adsbygoogle.js, line 63: uncaught exception: TagError: adsbygoogle.push() error: No slot size for availableWidth=0
JavaScript error: https://tpc.googlesyndication.com/sadbundle/$csp%3Der3$/16675895554756001089/index.html#t=3545326300939017487&p=https%3A%2F%2Fgoogleads.g.doubleclick.net, line 285: TypeError: studio.Enabler is undefined
1598476886463	Marionette	INFO	Stopped listening on port 56316

###!!! [Child][RunMessage] Error: Channel closing: too late to send/recv, messages will be lost


###!!! [Child][MessageChannel::SendAndWait] Error: Channel error: cannot send/recv

Temp\\rust_mozprofiletUmQUF"
JavaScript error: resource://gre/modules/XULStore.jsm, line 66: Error: Can't find profile directory.
console.error: SearchCache: "_readCacheFile: Error reading cache file:" (new Error("", "(unknown module)"))
1598476563626	Marionette	INFO	Listening on port 56395
1598476563912	Marionette	WARN	TLS certificate errors will be ignored for this session
JavaScript error: https://pagead2.googlesyndication.com/pagead/js/adsbygoogle.js, line 63: uncaught exception: TagError: adsbygoogle.push() error: No slot size for availableWidth=0
1598476887375	Marionette	INFO	Stopped listening on port 56395

###!!! [Child][RunMessage] Error: Channel closing: too late to send/recv, messages will be lost


###!!! [Child][MessageChannel::SendAndWait] Error: Channel error: cannot send/recv

Temp\\rust_mozprofilerhC27C"
JavaScript error: resource://gre/modules/XULStore.jsm, line 66: Error: Can't find profile directory.
console.error: SearchCache: "_readCacheFile: Error reading cache file:" (new Error("", "(unknown module)"))
1598476592369	Marionette	INFO	Listening on port 56468
1598476592579	Marionette	WARN	TLS certificate errors will be ignored for this session
JavaScript error: https://pagead2.googlesyndication.com/pagead/js/adsbygoogle.js, line 63: uncaught exception: TagError: adsbygoogle.push() error: No slot size for availableWidth=0
1598476888077	Marionette	INFO	Stopped listening on port 56468

###!!! [Child][RunMessage] Error: Channel closing: too late to send/recv, messages will be lost


###!!! [Child][MessageChannel::SendAndWait] Error: Channel error: cannot send/recv

1598476902216	geckodriver	INFO	Listening on 127.0.0.1:56595
1598476905249	mozrunner::runner	INFO	Running command: "C:\\Program Files\\Mozilla Firefox\\firefox.exe" "--marionette" "-foreground" "-no-remote" "-profile" "C:\\Users\\bero8\\AppData\\Local\\Temp\\rust_mozprofile66zwtm"
JavaScript error: resource://gre/modules/XULStore.jsm, line 66: Error: Can't find profile directory.
console.error: SearchCache: "_readCacheFile: Error reading cache file:" (new Error("", "(unknown module)"))
1598476906909	Marionette	INFO	Listening on port 56603
1598476907265	Marionette	WARN	TLS certificate errors will be ignored for this session
JavaScript error: https://pagead2.googlesyndication.com/pagead/js/adsbygoogle.js, line 63: uncaught exception: TagError: adsbygoogle.push() error: No slot size for availableWidth=0
1598477353262	Marionette	INFO	Stopped listening on port 56603

###!!! [Child][MessageChannel::SendAndWait] Error: Channel error: cannot send/recv

